2017-11-01 14:22:16,549 [Worker-1] INFO  c.g.t.t.d.PublishedGradleVersions - Gradle version information cache is up-to-date. Trying to read.
2017-11-01 14:28:20,578 [Worker-2] INFO  c.g.t.t.d.PublishedGradleVersions - Gradle version information cache is up-to-date. Trying to read.
2017-11-01 14:34:52,878 [Worker-6] INFO  c.g.t.t.d.PublishedGradleVersions - Gradle version information cache is up-to-date. Trying to read.
2017-11-01 14:39:15,657 [Worker-27] INFO  o.e.m.c.i.l.LifecycleMappingFactory - Using org.eclipse.m2e.jdt.JarLifecycleMapping lifecycle mapping for MavenProject: com.userFront:userFront:0.0.1-SNAPSHOT @ C:\Users\Vaske\Desktop\Online Bank\UserFront\pom.xml.
2017-11-01 14:39:17,973 [Worker-27] INFO  o.e.m.j.i.AbstractJavaProjectConfigurator - Adding source folder /UserFront/src/main/java
2017-11-01 14:39:17,975 [Worker-27] INFO  o.e.m.j.i.AbstractJavaProjectConfigurator - Adding resource folder /UserFront/src/main/resources
2017-11-01 14:39:17,982 [Worker-27] INFO  o.e.m.j.i.AbstractJavaProjectConfigurator - Adding resource folder /UserFront/src/main/resources
2017-11-01 14:39:17,997 [Worker-27] INFO  o.e.m.j.i.AbstractJavaProjectConfigurator - Adding source folder /UserFront/src/test/java
2017-11-01 14:39:18,995 [Worker-27] INFO  o.e.m.c.i.p.ProjectConfigurationManager - Imported and configured 1 project(s) in 6 sec
2017-11-01 14:39:18,997 [Worker-27] INFO  o.e.m.c.i.p.ProjectConfigurationManager - Update started
2017-11-01 14:39:19,650 [Worker-27] INFO  o.e.m.c.i.l.LifecycleMappingFactory - Using org.eclipse.m2e.jdt.JarLifecycleMapping lifecycle mapping for MavenProject: com.userFront:userFront:0.0.1-SNAPSHOT @ C:\Users\Vaske\Desktop\Online Bank\UserFront\pom.xml.
2017-11-01 14:39:20,791 [Worker-27] INFO  o.e.m.j.i.AbstractJavaProjectConfigurator - Adding source folder /UserFront/src/main/java
2017-11-01 14:39:20,791 [Worker-27] INFO  o.e.m.j.i.AbstractJavaProjectConfigurator - Adding resource folder /UserFront/src/main/resources
2017-11-01 14:39:20,792 [Worker-27] INFO  o.e.m.j.i.AbstractJavaProjectConfigurator - Adding resource folder /UserFront/src/main/resources
2017-11-01 14:39:20,793 [Worker-27] INFO  o.e.m.j.i.AbstractJavaProjectConfigurator - Adding source folder /UserFront/src/test/java
2017-11-01 14:39:21,076 [Worker-27] INFO  o.e.m.c.i.p.ProjectConfigurationManager - Update completed: 2 sec
2017-11-01 14:39:23,520 [Worker-29] INFO  o.e.m.c.i.embedder.EclipseLogger - Using 'UTF-8' encoding to copy filtered resources.
2017-11-01 14:39:23,525 [Worker-29] INFO  o.e.m.c.i.embedder.EclipseLogger - Copying 1 resource
2017-11-01 14:39:23,828 [Worker-29] INFO  o.e.m.c.i.embedder.EclipseLogger - Copying 0 resource
2017-11-01 14:39:23,841 [Worker-29] INFO  o.e.m.c.i.embedder.EclipseLogger - Using 'UTF-8' encoding to copy filtered resources.
2017-11-01 14:39:23,841 [Worker-29] INFO  o.e.m.c.i.embedder.EclipseLogger - skip non existing resourceDirectory C:\Users\Vaske\Desktop\Online Bank\UserFront\src\test\resources
2017-11-01 14:40:04,063 [Worker-27] INFO  o.e.m.c.i.embedder.EclipseLogger - Using 'UTF-8' encoding to copy filtered resources.
2017-11-01 14:40:04,065 [Worker-27] INFO  o.e.m.c.i.embedder.EclipseLogger - Copying 0 resource
2017-11-01 14:40:04,066 [Worker-27] INFO  o.e.m.c.i.embedder.EclipseLogger - Copying 0 resource
2017-11-01 14:40:04,068 [Worker-27] INFO  o.e.m.c.i.embedder.EclipseLogger - Using 'UTF-8' encoding to copy filtered resources.
2017-11-01 14:40:04,068 [Worker-27] INFO  o.e.m.c.i.embedder.EclipseLogger - skip non existing resourceDirectory C:\Users\Vaske\Desktop\Online Bank\UserFront\src\test\resources
2017-11-01 14:41:37,347 [Worker-20] INFO  o.e.m.c.i.embedder.EclipseLogger - Using 'UTF-8' encoding to copy filtered resources.
2017-11-01 14:41:37,366 [Worker-20] INFO  o.e.m.c.i.embedder.EclipseLogger - Copying 1 resource
2017-11-01 14:41:37,367 [Worker-20] INFO  o.e.m.c.i.embedder.EclipseLogger - Copying 0 resource
2017-11-01 14:41:37,370 [Worker-20] INFO  o.e.m.c.i.embedder.EclipseLogger - Using 'UTF-8' encoding to copy filtered resources.
2017-11-01 14:41:37,370 [Worker-20] INFO  o.e.m.c.i.embedder.EclipseLogger - skip non existing resourceDirectory C:\Users\Vaske\Desktop\Online Bank\UserFront\src\test\resources
2017-11-01 14:42:15,244 [Worker-9] INFO  o.e.m.c.i.embedder.EclipseLogger - Using 'UTF-8' encoding to copy filtered resources.
2017-11-01 14:42:15,245 [Worker-9] INFO  o.e.m.c.i.embedder.EclipseLogger - Copying 1 resource
2017-11-01 14:42:15,246 [Worker-9] INFO  o.e.m.c.i.embedder.EclipseLogger - Copying 0 resource
2017-11-01 14:42:15,247 [Worker-9] INFO  o.e.m.c.i.embedder.EclipseLogger - Using 'UTF-8' encoding to copy filtered resources.
2017-11-01 14:42:15,247 [Worker-9] INFO  o.e.m.c.i.embedder.EclipseLogger - skip non existing resourceDirectory C:\Users\Vaske\Desktop\Online Bank\UserFront\src\test\resources
2017-11-01 14:43:04,161 [Worker-24] INFO  o.e.m.c.i.embedder.EclipseLogger - Using 'UTF-8' encoding to copy filtered resources.
2017-11-01 14:43:04,162 [Worker-24] INFO  o.e.m.c.i.embedder.EclipseLogger - Copying 1 resource
2017-11-01 14:43:04,163 [Worker-24] INFO  o.e.m.c.i.embedder.EclipseLogger - Copying 0 resource
2017-11-01 14:43:04,166 [Worker-24] INFO  o.e.m.c.i.embedder.EclipseLogger - Using 'UTF-8' encoding to copy filtered resources.
2017-11-01 14:43:04,167 [Worker-24] INFO  o.e.m.c.i.embedder.EclipseLogger - skip non existing resourceDirectory C:\Users\Vaske\Desktop\Online Bank\UserFront\src\test\resources
2017-11-01 14:46:20,861 [Worker-32] INFO  o.e.m.c.i.embedder.EclipseLogger - Using 'UTF-8' encoding to copy filtered resources.
2017-11-01 14:46:20,863 [Worker-32] INFO  o.e.m.c.i.embedder.EclipseLogger - Copying 1 resource
2017-11-01 14:46:20,864 [Worker-32] INFO  o.e.m.c.i.embedder.EclipseLogger - Copying 0 resource
2017-11-01 14:46:20,866 [Worker-32] INFO  o.e.m.c.i.embedder.EclipseLogger - Using 'UTF-8' encoding to copy filtered resources.
2017-11-01 14:46:20,866 [Worker-32] INFO  o.e.m.c.i.embedder.EclipseLogger - skip non existing resourceDirectory C:\Users\Vaske\Desktop\Online Bank\UserFront\src\test\resources
2017-11-01 14:46:42,792 [Worker-29] INFO  o.e.m.c.i.embedder.EclipseLogger - Using 'UTF-8' encoding to copy filtered resources.
2017-11-01 14:46:42,793 [Worker-29] INFO  o.e.m.c.i.embedder.EclipseLogger - Copying 1 resource
2017-11-01 14:46:42,794 [Worker-29] INFO  o.e.m.c.i.embedder.EclipseLogger - Copying 0 resource
2017-11-01 14:46:42,795 [Worker-29] INFO  o.e.m.c.i.embedder.EclipseLogger - Using 'UTF-8' encoding to copy filtered resources.
2017-11-01 14:46:42,795 [Worker-29] INFO  o.e.m.c.i.embedder.EclipseLogger - skip non existing resourceDirectory C:\Users\Vaske\Desktop\Online Bank\UserFront\src\test\resources
2017-11-01 14:48:16,681 [Worker-7] INFO  c.g.t.t.d.PublishedGradleVersions - Gradle version information cache is up-to-date. Trying to read.
2017-11-01 15:05:29,936 [Worker-21] INFO  o.e.m.c.i.l.LifecycleMappingFactory - Using org.eclipse.m2e.jdt.JarLifecycleMapping lifecycle mapping for MavenProject: com.userFront:userFront:0.0.1-SNAPSHOT @ C:\Users\Vaske\Desktop\Online Bank\UserFront\pom.xml.
2017-11-01 15:05:31,395 [Worker-21] INFO  o.e.m.c.i.embedder.EclipseLogger - Using 'UTF-8' encoding to copy filtered resources.
2017-11-01 15:05:31,398 [Worker-21] INFO  o.e.m.c.i.embedder.EclipseLogger - Copying 1 resource
2017-11-01 15:05:31,408 [Worker-21] INFO  o.e.m.c.i.embedder.EclipseLogger - Copying 0 resource
2017-11-01 15:05:31,412 [Worker-21] INFO  o.e.m.c.i.embedder.EclipseLogger - Using 'UTF-8' encoding to copy filtered resources.
2017-11-01 15:05:31,412 [Worker-21] INFO  o.e.m.c.i.embedder.EclipseLogger - skip non existing resourceDirectory C:\Users\Vaske\Desktop\Online Bank\UserFront\src\test\resources
2017-11-01 15:05:34,384 [Worker-22] INFO  o.e.m.c.i.embedder.EclipseLogger - Using 'UTF-8' encoding to copy filtered resources.
2017-11-01 15:05:34,389 [Worker-22] INFO  o.e.m.c.i.embedder.EclipseLogger - Copying 1 resource
2017-11-01 15:05:34,448 [Worker-22] INFO  o.e.m.c.i.embedder.EclipseLogger - Copying 0 resource
2017-11-01 15:05:34,450 [Worker-22] INFO  o.e.m.c.i.embedder.EclipseLogger - Using 'UTF-8' encoding to copy filtered resources.
2017-11-01 15:05:34,450 [Worker-22] INFO  o.e.m.c.i.embedder.EclipseLogger - skip non existing resourceDirectory C:\Users\Vaske\Desktop\Online Bank\UserFront\src\test\resources
2017-11-01 15:06:12,761 [Worker-23] INFO  o.e.m.c.i.l.LifecycleMappingFactory - Using org.eclipse.m2e.jdt.JarLifecycleMapping lifecycle mapping for MavenProject: com.userFront:userFront:0.0.1-SNAPSHOT @ C:\Users\Vaske\Desktop\Online Bank\UserFront\pom.xml.
2017-11-01 15:06:13,145 [Worker-23] INFO  o.e.m.c.i.embedder.EclipseLogger - Using 'UTF-8' encoding to copy filtered resources.
2017-11-01 15:06:13,147 [Worker-23] INFO  o.e.m.c.i.embedder.EclipseLogger - Copying 0 resource
2017-11-01 15:06:13,147 [Worker-23] INFO  o.e.m.c.i.embedder.EclipseLogger - Copying 0 resource
2017-11-01 15:06:13,153 [Worker-23] INFO  o.e.m.c.i.embedder.EclipseLogger - Using 'UTF-8' encoding to copy filtered resources.
2017-11-01 15:06:13,153 [Worker-23] INFO  o.e.m.c.i.embedder.EclipseLogger - skip non existing resourceDirectory C:\Users\Vaske\Desktop\Online Bank\UserFront\src\test\resources
2017-11-01 15:10:19,038 [Worker-24] INFO  o.e.m.c.i.embedder.EclipseLogger - Using 'UTF-8' encoding to copy filtered resources.
2017-11-01 15:10:19,040 [Worker-24] INFO  o.e.m.c.i.embedder.EclipseLogger - Copying 0 resource
2017-11-01 15:10:19,041 [Worker-24] INFO  o.e.m.c.i.embedder.EclipseLogger - Copying 28 resources
2017-11-01 15:10:19,227 [Worker-24] INFO  o.e.m.c.i.embedder.EclipseLogger - Using 'UTF-8' encoding to copy filtered resources.
2017-11-01 15:10:19,227 [Worker-24] INFO  o.e.m.c.i.embedder.EclipseLogger - skip non existing resourceDirectory C:\Users\Vaske\Desktop\Online Bank\UserFront\src\test\resources
2017-11-01 15:10:28,083 [Worker-25] INFO  o.e.m.c.i.embedder.EclipseLogger - Using 'UTF-8' encoding to copy filtered resources.
2017-11-01 15:10:28,083 [Worker-25] INFO  o.e.m.c.i.embedder.EclipseLogger - Copying 0 resource
2017-11-01 15:10:28,084 [Worker-25] INFO  o.e.m.c.i.embedder.EclipseLogger - Copying 0 resource
2017-11-01 15:10:28,087 [Worker-25] INFO  o.e.m.c.i.embedder.EclipseLogger - Using 'UTF-8' encoding to copy filtered resources.
2017-11-01 15:10:28,087 [Worker-25] INFO  o.e.m.c.i.embedder.EclipseLogger - skip non existing resourceDirectory C:\Users\Vaske\Desktop\Online Bank\UserFront\src\test\resources
2017-11-01 15:34:50,550 [Worker-32] INFO  o.e.m.c.i.embedder.EclipseLogger - Using 'UTF-8' encoding to copy filtered resources.
2017-11-01 15:34:50,551 [Worker-32] INFO  o.e.m.c.i.embedder.EclipseLogger - Copying 0 resource
2017-11-01 15:34:50,553 [Worker-32] INFO  o.e.m.c.i.embedder.EclipseLogger - Copying 1 resource
2017-11-01 15:34:50,558 [Worker-32] INFO  o.e.m.c.i.embedder.EclipseLogger - Using 'UTF-8' encoding to copy filtered resources.
2017-11-01 15:34:50,558 [Worker-32] INFO  o.e.m.c.i.embedder.EclipseLogger - skip non existing resourceDirectory C:\Users\Vaske\Desktop\Online Bank\UserFront\src\test\resources
2017-11-01 15:35:13,722 [Worker-33] INFO  o.e.m.c.i.embedder.EclipseLogger - Using 'UTF-8' encoding to copy filtered resources.
2017-11-01 15:35:13,722 [Worker-33] INFO  o.e.m.c.i.embedder.EclipseLogger - Copying 0 resource
2017-11-01 15:35:13,723 [Worker-33] INFO  o.e.m.c.i.embedder.EclipseLogger - Copying 1 resource
2017-11-01 15:35:13,729 [Worker-33] INFO  o.e.m.c.i.embedder.EclipseLogger - Using 'UTF-8' encoding to copy filtered resources.
2017-11-01 15:35:13,730 [Worker-33] INFO  o.e.m.c.i.embedder.EclipseLogger - skip non existing resourceDirectory C:\Users\Vaske\Desktop\Online Bank\UserFront\src\test\resources
2017-11-01 15:39:28,712 [Worker-33] INFO  o.e.m.c.i.embedder.EclipseLogger - Using 'UTF-8' encoding to copy filtered resources.
2017-11-01 15:39:28,712 [Worker-33] INFO  o.e.m.c.i.embedder.EclipseLogger - Copying 0 resource
2017-11-01 15:39:28,713 [Worker-33] INFO  o.e.m.c.i.embedder.EclipseLogger - Copying 1 resource
2017-11-01 15:39:28,716 [Worker-33] INFO  o.e.m.c.i.embedder.EclipseLogger - Using 'UTF-8' encoding to copy filtered resources.
2017-11-01 15:39:28,716 [Worker-33] INFO  o.e.m.c.i.embedder.EclipseLogger - skip non existing resourceDirectory C:\Users\Vaske\Desktop\Online Bank\UserFront\src\test\resources
2017-11-01 15:47:44,640 [Worker-46] INFO  o.e.m.c.i.l.LifecycleMappingFactory - Using org.eclipse.m2e.jdt.JarLifecycleMapping lifecycle mapping for MavenProject: com.userFront:userFront:0.0.1-SNAPSHOT @ C:\Users\Vaske\Desktop\Online Bank\UserFront\pom.xml.
2017-11-01 15:47:45,063 [Worker-46] INFO  o.e.m.c.i.embedder.EclipseLogger - Using 'UTF-8' encoding to copy filtered resources.
2017-11-01 15:47:45,065 [Worker-46] INFO  o.e.m.c.i.embedder.EclipseLogger - Copying 0 resource
2017-11-01 15:47:45,065 [Worker-46] INFO  o.e.m.c.i.embedder.EclipseLogger - Copying 0 resource
2017-11-01 15:47:45,071 [Worker-46] INFO  o.e.m.c.i.embedder.EclipseLogger - Using 'UTF-8' encoding to copy filtered resources.
2017-11-01 15:47:45,072 [Worker-46] INFO  o.e.m.c.i.embedder.EclipseLogger - skip non existing resourceDirectory C:\Users\Vaske\Desktop\Online Bank\UserFront\src\test\resources
2017-11-01 15:56:45,828 [Worker-56] INFO  o.e.m.c.i.embedder.EclipseLogger - Using 'UTF-8' encoding to copy filtered resources.
2017-11-01 15:56:45,835 [Worker-56] INFO  o.e.m.c.i.embedder.EclipseLogger - Copying 1 resource
2017-11-01 15:56:45,852 [Worker-56] INFO  o.e.m.c.i.embedder.EclipseLogger - Copying 29 resources
2017-11-01 15:56:45,856 [Worker-56] INFO  o.e.m.c.i.embedder.EclipseLogger - Using 'UTF-8' encoding to copy filtered resources.
2017-11-01 15:56:45,857 [Worker-56] INFO  o.e.m.c.i.embedder.EclipseLogger - skip non existing resourceDirectory C:\Users\Vaske\Desktop\Online Bank\UserFront\src\test\resources
2017-11-01 16:04:52,552 [Worker-59] INFO  o.e.m.c.i.embedder.EclipseLogger - Using 'UTF-8' encoding to copy filtered resources.
2017-11-01 16:04:52,552 [Worker-59] INFO  o.e.m.c.i.embedder.EclipseLogger - Copying 0 resource
2017-11-01 16:04:52,553 [Worker-59] INFO  o.e.m.c.i.embedder.EclipseLogger - Copying 1 resource
2017-11-01 16:04:52,559 [Worker-59] INFO  o.e.m.c.i.embedder.EclipseLogger - Using 'UTF-8' encoding to copy filtered resources.
2017-11-01 16:04:52,560 [Worker-59] INFO  o.e.m.c.i.embedder.EclipseLogger - skip non existing resourceDirectory C:\Users\Vaske\Desktop\Online Bank\UserFront\src\test\resources
2017-11-01 16:06:24,676 [Worker-60] INFO  o.e.m.c.i.embedder.EclipseLogger - Using 'UTF-8' encoding to copy filtered resources.
2017-11-01 16:06:24,676 [Worker-60] INFO  o.e.m.c.i.embedder.EclipseLogger - Copying 0 resource
2017-11-01 16:06:24,677 [Worker-60] INFO  o.e.m.c.i.embedder.EclipseLogger - Copying 1 resource
2017-11-01 16:06:24,680 [Worker-60] INFO  o.e.m.c.i.embedder.EclipseLogger - Using 'UTF-8' encoding to copy filtered resources.
2017-11-01 16:06:24,680 [Worker-60] INFO  o.e.m.c.i.embedder.EclipseLogger - skip non existing resourceDirectory C:\Users\Vaske\Desktop\Online Bank\UserFront\src\test\resources
2017-11-01 16:11:14,916 [Worker-64] INFO  o.e.m.c.i.embedder.EclipseLogger - Using 'UTF-8' encoding to copy filtered resources.
2017-11-01 16:11:14,918 [Worker-64] INFO  o.e.m.c.i.embedder.EclipseLogger - Copying 1 resource
2017-11-01 16:11:14,922 [Worker-64] INFO  o.e.m.c.i.embedder.EclipseLogger - Copying 30 resources
2017-11-01 16:11:14,926 [Worker-64] INFO  o.e.m.c.i.embedder.EclipseLogger - Using 'UTF-8' encoding to copy filtered resources.
2017-11-01 16:11:14,926 [Worker-64] INFO  o.e.m.c.i.embedder.EclipseLogger - skip non existing resourceDirectory C:\Users\Vaske\Desktop\Online Bank\UserFront\src\test\resources
2017-11-01 16:12:05,718 [Worker-63] INFO  o.e.m.c.i.embedder.EclipseLogger - Using 'UTF-8' encoding to copy filtered resources.
2017-11-01 16:12:05,720 [Worker-63] INFO  o.e.m.c.i.embedder.EclipseLogger - Copying 1 resource
2017-11-01 16:12:05,722 [Worker-63] INFO  o.e.m.c.i.embedder.EclipseLogger - Copying 30 resources
2017-11-01 16:12:05,727 [Worker-63] INFO  o.e.m.c.i.embedder.EclipseLogger - Using 'UTF-8' encoding to copy filtered resources.
2017-11-01 16:12:05,727 [Worker-63] INFO  o.e.m.c.i.embedder.EclipseLogger - skip non existing resourceDirectory C:\Users\Vaske\Desktop\Online Bank\UserFront\src\test\resources
2017-11-01 16:13:21,651 [Worker-61] INFO  o.e.m.c.i.embedder.EclipseLogger - Using 'UTF-8' encoding to copy filtered resources.
2017-11-01 16:13:21,653 [Worker-61] INFO  o.e.m.c.i.embedder.EclipseLogger - Copying 1 resource
2017-11-01 16:13:21,655 [Worker-61] INFO  o.e.m.c.i.embedder.EclipseLogger - Copying 30 resources
2017-11-01 16:13:21,662 [Worker-61] INFO  o.e.m.c.i.embedder.EclipseLogger - Using 'UTF-8' encoding to copy filtered resources.
2017-11-01 16:13:21,662 [Worker-61] INFO  o.e.m.c.i.embedder.EclipseLogger - skip non existing resourceDirectory C:\Users\Vaske\Desktop\Online Bank\UserFront\src\test\resources
2017-11-01 16:13:42,329 [Worker-64] INFO  o.e.m.c.i.embedder.EclipseLogger - Using 'UTF-8' encoding to copy filtered resources.
2017-11-01 16:13:42,332 [Worker-64] INFO  o.e.m.c.i.embedder.EclipseLogger - Copying 1 resource
2017-11-01 16:13:42,335 [Worker-64] INFO  o.e.m.c.i.embedder.EclipseLogger - Copying 30 resources
2017-11-01 16:13:42,343 [Worker-64] INFO  o.e.m.c.i.embedder.EclipseLogger - Using 'UTF-8' encoding to copy filtered resources.
2017-11-01 16:13:42,343 [Worker-64] INFO  o.e.m.c.i.embedder.EclipseLogger - skip non existing resourceDirectory C:\Users\Vaske\Desktop\Online Bank\UserFront\src\test\resources
2017-11-01 16:15:48,636 [Worker-64] INFO  o.e.m.c.i.embedder.EclipseLogger - Using 'UTF-8' encoding to copy filtered resources.
2017-11-01 16:15:48,640 [Worker-64] INFO  o.e.m.c.i.embedder.EclipseLogger - Copying 1 resource
2017-11-01 16:15:48,643 [Worker-64] INFO  o.e.m.c.i.embedder.EclipseLogger - Copying 30 resources
2017-11-01 16:15:48,647 [Worker-64] INFO  o.e.m.c.i.embedder.EclipseLogger - Using 'UTF-8' encoding to copy filtered resources.
2017-11-01 16:15:48,648 [Worker-64] INFO  o.e.m.c.i.embedder.EclipseLogger - skip non existing resourceDirectory C:\Users\Vaske\Desktop\Online Bank\UserFront\src\test\resources
2017-11-01 16:16:13,797 [Worker-65] INFO  o.e.m.c.i.embedder.EclipseLogger - Using 'UTF-8' encoding to copy filtered resources.
2017-11-01 16:16:13,799 [Worker-65] INFO  o.e.m.c.i.embedder.EclipseLogger - Copying 1 resource
2017-11-01 16:16:13,824 [Worker-65] INFO  o.e.m.c.i.embedder.EclipseLogger - Copying 30 resources
2017-11-01 16:16:13,829 [Worker-65] INFO  o.e.m.c.i.embedder.EclipseLogger - Using 'UTF-8' encoding to copy filtered resources.
2017-11-01 16:16:13,829 [Worker-65] INFO  o.e.m.c.i.embedder.EclipseLogger - skip non existing resourceDirectory C:\Users\Vaske\Desktop\Online Bank\UserFront\src\test\resources
2017-11-01 16:18:35,647 [Worker-66] INFO  o.e.m.c.i.embedder.EclipseLogger - Using 'UTF-8' encoding to copy filtered resources.
2017-11-01 16:18:35,650 [Worker-66] INFO  o.e.m.c.i.embedder.EclipseLogger - Copying 1 resource
2017-11-01 16:18:35,656 [Worker-66] INFO  o.e.m.c.i.embedder.EclipseLogger - Copying 30 resources
2017-11-01 16:18:35,662 [Worker-66] INFO  o.e.m.c.i.embedder.EclipseLogger - Using 'UTF-8' encoding to copy filtered resources.
2017-11-01 16:18:35,663 [Worker-66] INFO  o.e.m.c.i.embedder.EclipseLogger - skip non existing resourceDirectory C:\Users\Vaske\Desktop\Online Bank\UserFront\src\test\resources
2017-11-01 16:19:54,018 [Worker-73] INFO  o.e.m.c.i.embedder.EclipseLogger - Using 'UTF-8' encoding to copy filtered resources.
2017-11-01 16:19:54,020 [Worker-73] INFO  o.e.m.c.i.embedder.EclipseLogger - Copying 1 resource
2017-11-01 16:19:54,022 [Worker-73] INFO  o.e.m.c.i.embedder.EclipseLogger - Copying 30 resources
2017-11-01 16:19:54,025 [Worker-73] INFO  o.e.m.c.i.embedder.EclipseLogger - Using 'UTF-8' encoding to copy filtered resources.
2017-11-01 16:19:54,025 [Worker-73] INFO  o.e.m.c.i.embedder.EclipseLogger - skip non existing resourceDirectory C:\Users\Vaske\Desktop\Online Bank\UserFront\src\test\resources
2017-11-01 16:22:04,198 [Worker-74] INFO  o.e.m.c.i.embedder.EclipseLogger - Using 'UTF-8' encoding to copy filtered resources.
2017-11-01 16:22:04,201 [Worker-74] INFO  o.e.m.c.i.embedder.EclipseLogger - Copying 1 resource
2017-11-01 16:22:04,204 [Worker-74] INFO  o.e.m.c.i.embedder.EclipseLogger - Copying 30 resources
2017-11-01 16:22:04,208 [Worker-74] INFO  o.e.m.c.i.embedder.EclipseLogger - Using 'UTF-8' encoding to copy filtered resources.
2017-11-01 16:22:04,209 [Worker-74] INFO  o.e.m.c.i.embedder.EclipseLogger - skip non existing resourceDirectory C:\Users\Vaske\Desktop\Online Bank\UserFront\src\test\resources
2017-11-01 16:26:50,223 [Worker-77] INFO  o.e.m.c.i.l.LifecycleMappingFactory - Using org.eclipse.m2e.jdt.JarLifecycleMapping lifecycle mapping for MavenProject: com.userFront:userFront:0.0.1-SNAPSHOT @ C:\Users\Vaske\Desktop\Online Bank\UserFront\pom.xml.
2017-11-01 16:26:51,467 [Worker-77] INFO  o.e.m.c.i.e.AbstractTransferListenerAdapter - Downloaded https://repo.maven.apache.org/maven2/org/springframework/boot/thymeleaf/3.0.8.RELEASE/thymeleaf-3.0.8.RELEASE.pom
2017-11-01 16:26:51,469 [Worker-77] WARN  o.e.m.c.i.embedder.EclipseLogger - The POM for org.springframework.boot:thymeleaf:jar:3.0.8.RELEASE is missing, no dependency information available
2017-11-01 16:26:52,027 [Worker-77] INFO  o.e.m.c.i.e.AbstractTransferListenerAdapter - Downloaded https://repo.maven.apache.org/maven2/org/springframework/boot/thymeleaf/3.0.8.RELEASE/thymeleaf-3.0.8.RELEASE.jar
2017-11-01 16:26:52,444 [Worker-77] INFO  o.e.m.c.i.embedder.EclipseLogger - Using 'UTF-8' encoding to copy filtered resources.
2017-11-01 16:26:52,446 [Worker-77] INFO  o.e.m.c.i.embedder.EclipseLogger - Copying 0 resource
2017-11-01 16:26:52,446 [Worker-77] INFO  o.e.m.c.i.embedder.EclipseLogger - Copying 0 resource
2017-11-01 16:26:52,448 [Worker-77] INFO  o.e.m.c.i.embedder.EclipseLogger - Using 'UTF-8' encoding to copy filtered resources.
2017-11-01 16:26:52,448 [Worker-77] INFO  o.e.m.c.i.embedder.EclipseLogger - skip non existing resourceDirectory C:\Users\Vaske\Desktop\Online Bank\UserFront\src\test\resources
2017-11-01 16:27:00,277 [Worker-77] INFO  o.e.m.c.i.e.AbstractTransferListenerAdapter - Downloaded https://repo.maven.apache.org/maven2/org/springframework/boot/spring-boot-starter-thymeleaf/3.0.8.RELEASE/spring-boot-starter-thymeleaf-3.0.8.RELEASE.pom
2017-11-01 16:27:00,278 [Worker-77] WARN  o.e.m.c.i.embedder.EclipseLogger - The POM for org.springframework.boot:spring-boot-starter-thymeleaf:jar:3.0.8.RELEASE is missing, no dependency information available
2017-11-01 16:27:00,452 [Worker-79] INFO  o.e.m.c.i.l.LifecycleMappingFactory - Using org.eclipse.m2e.jdt.JarLifecycleMapping lifecycle mapping for MavenProject: com.userFront:userFront:0.0.1-SNAPSHOT @ C:\Users\Vaske\Desktop\Online Bank\UserFront\pom.xml.
2017-11-01 16:27:00,543 [Worker-79] WARN  o.e.m.c.i.embedder.EclipseLogger - The POM for org.springframework.boot:spring-boot-starter-thymeleaf:jar:3.0.8.RELEASE is missing, no dependency information available
2017-11-01 16:27:00,589 [Worker-77] INFO  o.e.m.c.i.e.AbstractTransferListenerAdapter - Downloaded https://repo.maven.apache.org/maven2/org/springframework/boot/spring-boot-starter-thymeleaf/3.0.8.RELEASE/spring-boot-starter-thymeleaf-3.0.8.RELEASE.jar
2017-11-01 16:27:00,814 [Worker-79] INFO  o.e.m.c.i.e.AbstractTransferListenerAdapter - Downloaded https://repo.maven.apache.org/maven2/org/springframework/boot/spring-boot-starter-thymeleaf/3.0.8.RELEASE/spring-boot-starter-thymeleaf-3.0.8.RELEASE.jar
2017-11-01 16:27:01,431 [Worker-79] INFO  o.e.m.c.i.embedder.EclipseLogger - Using 'UTF-8' encoding to copy filtered resources.
2017-11-01 16:27:01,432 [Worker-79] INFO  o.e.m.c.i.embedder.EclipseLogger - Copying 0 resource
2017-11-01 16:27:01,433 [Worker-79] INFO  o.e.m.c.i.embedder.EclipseLogger - Copying 0 resource
2017-11-01 16:27:01,435 [Worker-79] INFO  o.e.m.c.i.embedder.EclipseLogger - Using 'UTF-8' encoding to copy filtered resources.
2017-11-01 16:27:01,435 [Worker-79] INFO  o.e.m.c.i.embedder.EclipseLogger - skip non existing resourceDirectory C:\Users\Vaske\Desktop\Online Bank\UserFront\src\test\resources
2017-11-01 16:27:10,181 [Worker-79] INFO  o.e.m.c.i.e.AbstractTransferListenerAdapter - Downloading https://repo.maven.apache.org/maven2/org/springframework/boot/spring-boot-starter-thymeleaf/1.4.2.RELEASE/spring-boot-starter-thymeleaf-1.4.2.RELEASE.pom
2017-11-01 16:27:10,391 [Worker-77] INFO  o.e.m.c.i.l.LifecycleMappingFactory - Using org.eclipse.m2e.jdt.JarLifecycleMapping lifecycle mapping for MavenProject: com.userFront:userFront:0.0.1-SNAPSHOT @ C:\Users\Vaske\Desktop\Online Bank\UserFront\pom.xml.
2017-11-01 16:27:10,521 [Worker-79] INFO  o.e.m.c.i.e.AbstractTransferListenerAdapter - Downloaded https://repo.maven.apache.org/maven2/org/springframework/boot/spring-boot-starter-thymeleaf/1.4.2.RELEASE/spring-boot-starter-thymeleaf-1.4.2.RELEASE.pom
2017-11-01 16:27:10,565 [Worker-79] INFO  o.e.m.c.i.e.AbstractTransferListenerAdapter - Downloading https://repo.maven.apache.org/maven2/org/springframework/boot/spring-boot-starters/1.4.2.RELEASE/spring-boot-starters-1.4.2.RELEASE.pom
2017-11-01 16:27:10,610 [Worker-79] INFO  o.e.m.c.i.e.AbstractTransferListenerAdapter - Downloaded https://repo.maven.apache.org/maven2/org/springframework/boot/spring-boot-starters/1.4.2.RELEASE/spring-boot-starters-1.4.2.RELEASE.pom
2017-11-01 16:27:10,653 [Worker-79] INFO  o.e.m.c.i.e.AbstractTransferListenerAdapter - Downloading https://repo.maven.apache.org/maven2/org/springframework/boot/spring-boot-parent/1.4.2.RELEASE/spring-boot-parent-1.4.2.RELEASE.pom
2017-11-01 16:27:10,735 [Worker-79] INFO  o.e.m.c.i.e.AbstractTransferListenerAdapter - Downloaded https://repo.maven.apache.org/maven2/org/springframework/boot/spring-boot-parent/1.4.2.RELEASE/spring-boot-parent-1.4.2.RELEASE.pom
2017-11-01 16:27:10,781 [Worker-79] INFO  o.e.m.c.i.e.AbstractTransferListenerAdapter - Downloading https://repo.maven.apache.org/maven2/org/springframework/boot/spring-boot-dependencies/1.4.2.RELEASE/spring-boot-dependencies-1.4.2.RELEASE.pom
2017-11-01 16:27:10,794 [Worker-77] INFO  o.e.m.c.i.e.AbstractTransferListenerAdapter - Downloading https://repo.maven.apache.org/maven2/org/springframework/boot/spring-boot-starter-thymeleaf/1.4.2.RELEASE/spring-boot-starter-thymeleaf-1.4.2.RELEASE.pom
2017-11-01 16:27:10,841 [Worker-77] INFO  o.e.m.c.i.e.AbstractTransferListenerAdapter - Downloaded https://repo.maven.apache.org/maven2/org/springframework/boot/spring-boot-starter-thymeleaf/1.4.2.RELEASE/spring-boot-starter-thymeleaf-1.4.2.RELEASE.pom
2017-11-01 16:27:10,875 [Worker-79] INFO  o.e.m.c.i.e.AbstractTransferListenerAdapter - Downloaded https://repo.maven.apache.org/maven2/org/springframework/boot/spring-boot-dependencies/1.4.2.RELEASE/spring-boot-dependencies-1.4.2.RELEASE.pom
2017-11-01 16:27:10,919 [Worker-79] INFO  o.e.m.c.i.e.AbstractTransferListenerAdapter - Downloading https://repo.maven.apache.org/maven2/org/springframework/spring-framework-bom/4.3.4.RELEASE/spring-framework-bom-4.3.4.RELEASE.pom
2017-11-01 16:27:10,930 [Worker-77] INFO  o.e.m.c.i.e.AbstractTransferListenerAdapter - Downloading https://repo.maven.apache.org/maven2/org/springframework/boot/spring-boot-dependencies/1.4.2.RELEASE/spring-boot-dependencies-1.4.2.RELEASE.pom
2017-11-01 16:27:11,060 [Worker-79] INFO  o.e.m.c.i.e.AbstractTransferListenerAdapter - Downloaded https://repo.maven.apache.org/maven2/org/springframework/spring-framework-bom/4.3.4.RELEASE/spring-framework-bom-4.3.4.RELEASE.pom
2017-11-01 16:27:11,103 [Worker-79] INFO  o.e.m.c.i.e.AbstractTransferListenerAdapter - Downloading https://repo.maven.apache.org/maven2/org/springframework/data/spring-data-releasetrain/Hopper-SR5/spring-data-releasetrain-Hopper-SR5.pom
2017-11-01 16:27:11,115 [Worker-77] INFO  o.e.m.c.i.e.AbstractTransferListenerAdapter - Downloaded https://repo.maven.apache.org/maven2/org/springframework/boot/spring-boot-dependencies/1.4.2.RELEASE/spring-boot-dependencies-1.4.2.RELEASE.pom
2017-11-01 16:27:11,165 [Worker-79] INFO  o.e.m.c.i.e.AbstractTransferListenerAdapter - Downloaded https://repo.maven.apache.org/maven2/org/springframework/data/spring-data-releasetrain/Hopper-SR5/spring-data-releasetrain-Hopper-SR5.pom
2017-11-01 16:27:11,194 [Worker-77] INFO  o.e.m.c.i.e.AbstractTransferListenerAdapter - Downloading https://repo.maven.apache.org/maven2/org/springframework/data/spring-data-releasetrain/Hopper-SR5/spring-data-releasetrain-Hopper-SR5.pom
2017-11-01 16:27:11,211 [Worker-79] INFO  o.e.m.c.i.e.AbstractTransferListenerAdapter - Downloading https://repo.maven.apache.org/maven2/org/springframework/data/build/spring-data-build/1.8.5.RELEASE/spring-data-build-1.8.5.RELEASE.pom
2017-11-01 16:27:11,235 [Worker-77] INFO  o.e.m.c.i.e.AbstractTransferListenerAdapter - Downloaded https://repo.maven.apache.org/maven2/org/springframework/data/spring-data-releasetrain/Hopper-SR5/spring-data-releasetrain-Hopper-SR5.pom
2017-11-01 16:27:11,256 [Worker-79] INFO  o.e.m.c.i.e.AbstractTransferListenerAdapter - Downloaded https://repo.maven.apache.org/maven2/org/springframework/data/build/spring-data-build/1.8.5.RELEASE/spring-data-build-1.8.5.RELEASE.pom
2017-11-01 16:27:11,299 [Worker-79] INFO  o.e.m.c.i.e.AbstractTransferListenerAdapter - Downloading https://repo.maven.apache.org/maven2/org/springframework/integration/spring-integration-bom/4.3.5.RELEASE/spring-integration-bom-4.3.5.RELEASE.pom
2017-11-01 16:27:11,313 [Worker-77] INFO  o.e.m.c.i.e.AbstractTransferListenerAdapter - Downloading https://repo.maven.apache.org/maven2/org/springframework/data/build/spring-data-build/1.8.5.RELEASE/spring-data-build-1.8.5.RELEASE.pom
2017-11-01 16:27:11,338 [Worker-79] INFO  o.e.m.c.i.e.AbstractTransferListenerAdapter - Downloaded https://repo.maven.apache.org/maven2/org/springframework/integration/spring-integration-bom/4.3.5.RELEASE/spring-integration-bom-4.3.5.RELEASE.pom
2017-11-01 16:27:11,358 [Worker-77] INFO  o.e.m.c.i.e.AbstractTransferListenerAdapter - Downloaded https://repo.maven.apache.org/maven2/org/springframework/data/build/spring-data-build/1.8.5.RELEASE/spring-data-build-1.8.5.RELEASE.pom
2017-11-01 16:27:11,378 [Worker-79] INFO  o.e.m.c.i.e.AbstractTransferListenerAdapter - Downloading https://repo.maven.apache.org/maven2/org/springframework/security/spring-security-bom/4.1.3.RELEASE/spring-security-bom-4.1.3.RELEASE.pom
2017-11-01 16:27:11,403 [Worker-77] INFO  o.e.m.c.i.e.AbstractTransferListenerAdapter - Downloading https://repo.maven.apache.org/maven2/org/springframework/security/spring-security-bom/4.1.3.RELEASE/spring-security-bom-4.1.3.RELEASE.pom
2017-11-01 16:27:11,450 [Worker-79] INFO  o.e.m.c.i.e.AbstractTransferListenerAdapter - Downloaded https://repo.maven.apache.org/maven2/org/springframework/security/spring-security-bom/4.1.3.RELEASE/spring-security-bom-4.1.3.RELEASE.pom
2017-11-01 16:27:11,452 [Worker-77] INFO  o.e.m.c.i.e.AbstractTransferListenerAdapter - Downloaded https://repo.maven.apache.org/maven2/org/springframework/security/spring-security-bom/4.1.3.RELEASE/spring-security-bom-4.1.3.RELEASE.pom
2017-11-01 16:27:11,678 [Worker-77] INFO  o.e.m.c.i.e.AbstractTransferListenerAdapter - Downloading https://repo.maven.apache.org/maven2/org/springframework/boot/spring-boot-starter-thymeleaf/1.4.2.RELEASE/spring-boot-starter-thymeleaf-1.4.2.RELEASE.jar
2017-11-01 16:27:11,678 [Worker-79] INFO  o.e.m.c.i.e.AbstractTransferListenerAdapter - Downloading https://repo.maven.apache.org/maven2/org/springframework/boot/spring-boot-starter-thymeleaf/1.4.2.RELEASE/spring-boot-starter-thymeleaf-1.4.2.RELEASE.jar
2017-11-01 16:27:11,725 [Worker-77] INFO  o.e.m.c.i.e.AbstractTransferListenerAdapter - Downloaded https://repo.maven.apache.org/maven2/org/springframework/boot/spring-boot-starter-thymeleaf/1.4.2.RELEASE/spring-boot-starter-thymeleaf-1.4.2.RELEASE.jar
2017-11-01 16:27:11,727 [Worker-79] INFO  o.e.m.c.i.e.AbstractTransferListenerAdapter - Downloaded https://repo.maven.apache.org/maven2/org/springframework/boot/spring-boot-starter-thymeleaf/1.4.2.RELEASE/spring-boot-starter-thymeleaf-1.4.2.RELEASE.jar
2017-11-01 16:27:12,753 [Worker-77] INFO  o.e.m.c.i.embedder.EclipseLogger - Using 'UTF-8' encoding to copy filtered resources.
2017-11-01 16:27:12,755 [Worker-77] INFO  o.e.m.c.i.embedder.EclipseLogger - Copying 0 resource
2017-11-01 16:27:12,755 [Worker-77] INFO  o.e.m.c.i.embedder.EclipseLogger - Copying 0 resource
2017-11-01 16:27:12,758 [Worker-77] INFO  o.e.m.c.i.embedder.EclipseLogger - Using 'UTF-8' encoding to copy filtered resources.
2017-11-01 16:27:12,758 [Worker-77] INFO  o.e.m.c.i.embedder.EclipseLogger - skip non existing resourceDirectory C:\Users\Vaske\Desktop\Online Bank\UserFront\src\test\resources
2017-11-01 16:27:15,040 [Worker-78] INFO  o.e.m.c.i.embedder.EclipseLogger - Using 'UTF-8' encoding to copy filtered resources.
2017-11-01 16:27:15,042 [Worker-78] INFO  o.e.m.c.i.embedder.EclipseLogger - Copying 1 resource
2017-11-01 16:27:15,054 [Worker-78] INFO  o.e.m.c.i.embedder.EclipseLogger - Copying 30 resources
2017-11-01 16:27:15,203 [Worker-78] INFO  o.e.m.c.i.embedder.EclipseLogger - Using 'UTF-8' encoding to copy filtered resources.
2017-11-01 16:27:15,203 [Worker-78] INFO  o.e.m.c.i.embedder.EclipseLogger - skip non existing resourceDirectory C:\Users\Vaske\Desktop\Online Bank\UserFront\src\test\resources
2017-11-01 16:27:56,825 [Worker-66] INFO  o.e.m.c.i.embedder.EclipseLogger - Using 'UTF-8' encoding to copy filtered resources.
2017-11-01 16:27:56,827 [Worker-66] INFO  o.e.m.c.i.embedder.EclipseLogger - Copying 1 resource
2017-11-01 16:27:56,829 [Worker-66] INFO  o.e.m.c.i.embedder.EclipseLogger - Copying 30 resources
2017-11-01 16:27:56,831 [Worker-66] INFO  o.e.m.c.i.embedder.EclipseLogger - Using 'UTF-8' encoding to copy filtered resources.
2017-11-01 16:27:56,831 [Worker-66] INFO  o.e.m.c.i.embedder.EclipseLogger - skip non existing resourceDirectory C:\Users\Vaske\Desktop\Online Bank\UserFront\src\test\resources
2017-11-01 17:12:10,871 [Worker-91] INFO  o.e.m.c.i.embedder.EclipseLogger - Using 'UTF-8' encoding to copy filtered resources.
2017-11-01 17:12:10,872 [Worker-91] INFO  o.e.m.c.i.embedder.EclipseLogger - Copying 0 resource
2017-11-01 17:12:10,872 [Worker-91] INFO  o.e.m.c.i.embedder.EclipseLogger - Copying 1 resource
2017-11-01 17:12:10,876 [Worker-91] INFO  o.e.m.c.i.embedder.EclipseLogger - Using 'UTF-8' encoding to copy filtered resources.
2017-11-01 17:12:10,876 [Worker-91] INFO  o.e.m.c.i.embedder.EclipseLogger - skip non existing resourceDirectory C:\Users\Vaske\Desktop\Online Bank\UserFront\src\test\resources
2017-11-01 17:23:53,517 [Worker-97] INFO  o.e.m.c.i.l.LifecycleMappingFactory - Using org.eclipse.m2e.jdt.JarLifecycleMapping lifecycle mapping for MavenProject: com.userFront:userFront:0.0.1-SNAPSHOT @ C:\Users\Vaske\Desktop\Online Bank\UserFront\pom.xml.
2017-11-01 17:23:53,996 [Worker-97] INFO  o.e.m.c.i.e.AbstractTransferListenerAdapter - Downloading https://repo.maven.apache.org/maven2/org/springframework/boot/spring-boot-starter-data-solr/1.5.8.RELEASE/spring-boot-starter-data-solr-1.5.8.RELEASE.pom
2017-11-01 17:23:54,065 [Worker-97] INFO  o.e.m.c.i.e.AbstractTransferListenerAdapter - Downloaded https://repo.maven.apache.org/maven2/org/springframework/boot/spring-boot-starter-data-solr/1.5.8.RELEASE/spring-boot-starter-data-solr-1.5.8.RELEASE.pom
2017-11-01 17:23:54,122 [Worker-97] INFO  o.e.m.c.i.e.AbstractTransferListenerAdapter - Downloading https://repo.maven.apache.org/maven2/org/apache/solr/solr-solrj/5.5.4/solr-solrj-5.5.4.pom
2017-11-01 17:23:54,161 [Worker-97] INFO  o.e.m.c.i.e.AbstractTransferListenerAdapter - Downloaded https://repo.maven.apache.org/maven2/org/apache/solr/solr-solrj/5.5.4/solr-solrj-5.5.4.pom
2017-11-01 17:23:54,203 [Worker-97] INFO  o.e.m.c.i.e.AbstractTransferListenerAdapter - Downloading https://repo.maven.apache.org/maven2/org/apache/solr/solr-parent/5.5.4/solr-parent-5.5.4.pom
2017-11-01 17:23:54,260 [Worker-97] INFO  o.e.m.c.i.e.AbstractTransferListenerAdapter - Downloaded https://repo.maven.apache.org/maven2/org/apache/solr/solr-parent/5.5.4/solr-parent-5.5.4.pom
2017-11-01 17:23:54,314 [Worker-97] INFO  o.e.m.c.i.e.AbstractTransferListenerAdapter - Downloading https://repo.maven.apache.org/maven2/org/apache/lucene/lucene-solr-grandparent/5.5.4/lucene-solr-grandparent-5.5.4.pom
2017-11-01 17:23:54,614 [Worker-97] INFO  o.e.m.c.i.e.AbstractTransferListenerAdapter - Downloaded https://repo.maven.apache.org/maven2/org/apache/lucene/lucene-solr-grandparent/5.5.4/lucene-solr-grandparent-5.5.4.pom
2017-11-01 17:23:54,672 [Worker-97] INFO  o.e.m.c.i.e.AbstractTransferListenerAdapter - Downloading https://repo.maven.apache.org/maven2/commons-io/commons-io/2.4/commons-io-2.4.pom
2017-11-01 17:23:54,714 [Worker-97] INFO  o.e.m.c.i.e.AbstractTransferListenerAdapter - Downloaded https://repo.maven.apache.org/maven2/commons-io/commons-io/2.4/commons-io-2.4.pom
2017-11-01 17:23:54,758 [Worker-97] INFO  o.e.m.c.i.e.AbstractTransferListenerAdapter - Downloading https://repo.maven.apache.org/maven2/org/apache/commons/commons-parent/25/commons-parent-25.pom
2017-11-01 17:23:54,813 [Worker-97] INFO  o.e.m.c.i.e.AbstractTransferListenerAdapter - Downloaded https://repo.maven.apache.org/maven2/org/apache/commons/commons-parent/25/commons-parent-25.pom
2017-11-01 17:23:54,871 [Worker-97] INFO  o.e.m.c.i.e.AbstractTransferListenerAdapter - Downloading https://repo.maven.apache.org/maven2/org/apache/httpcomponents/httpclient/4.5.3/httpclient-4.5.3.pom
2017-11-01 17:23:54,913 [Worker-97] INFO  o.e.m.c.i.e.AbstractTransferListenerAdapter - Downloaded https://repo.maven.apache.org/maven2/org/apache/httpcomponents/httpclient/4.5.3/httpclient-4.5.3.pom
2017-11-01 17:23:54,959 [Worker-97] INFO  o.e.m.c.i.e.AbstractTransferListenerAdapter - Downloading https://repo.maven.apache.org/maven2/org/apache/httpcomponents/httpcomponents-client/4.5.3/httpcomponents-client-4.5.3.pom
2017-11-01 17:23:55,004 [Worker-97] INFO  o.e.m.c.i.e.AbstractTransferListenerAdapter - Downloaded https://repo.maven.apache.org/maven2/org/apache/httpcomponents/httpcomponents-client/4.5.3/httpcomponents-client-4.5.3.pom
2017-11-01 17:23:55,054 [Worker-97] INFO  o.e.m.c.i.e.AbstractTransferListenerAdapter - Downloading https://repo.maven.apache.org/maven2/org/apache/httpcomponents/project/7/project-7.pom
2017-11-01 17:23:55,097 [Worker-97] INFO  o.e.m.c.i.e.AbstractTransferListenerAdapter - Downloaded https://repo.maven.apache.org/maven2/org/apache/httpcomponents/project/7/project-7.pom
2017-11-01 17:23:55,190 [Worker-97] INFO  o.e.m.c.i.e.AbstractTransferListenerAdapter - Downloading https://repo.maven.apache.org/maven2/org/apache/httpcomponents/httpcore/4.4.8/httpcore-4.4.8.pom
2017-11-01 17:23:55,308 [Worker-97] INFO  o.e.m.c.i.e.AbstractTransferListenerAdapter - Downloaded https://repo.maven.apache.org/maven2/org/apache/httpcomponents/httpcore/4.4.8/httpcore-4.4.8.pom
2017-11-01 17:23:55,354 [Worker-97] INFO  o.e.m.c.i.e.AbstractTransferListenerAdapter - Downloading https://repo.maven.apache.org/maven2/org/apache/httpcomponents/httpcomponents-core/4.4.8/httpcomponents-core-4.4.8.pom
2017-11-01 17:23:55,413 [Worker-97] INFO  o.e.m.c.i.e.AbstractTransferListenerAdapter - Downloaded https://repo.maven.apache.org/maven2/org/apache/httpcomponents/httpcomponents-core/4.4.8/httpcomponents-core-4.4.8.pom
2017-11-01 17:23:55,454 [Worker-97] INFO  o.e.m.c.i.e.AbstractTransferListenerAdapter - Downloading https://repo.maven.apache.org/maven2/org/apache/httpcomponents/httpcomponents-parent/9/httpcomponents-parent-9.pom
2017-11-01 17:23:55,513 [Worker-97] INFO  o.e.m.c.i.e.AbstractTransferListenerAdapter - Downloaded https://repo.maven.apache.org/maven2/org/apache/httpcomponents/httpcomponents-parent/9/httpcomponents-parent-9.pom
2017-11-01 17:23:55,557 [Worker-97] INFO  o.e.m.c.i.e.AbstractTransferListenerAdapter - Downloading https://repo.maven.apache.org/maven2/org/apache/apache/18/apache-18.pom
2017-11-01 17:23:55,618 [Worker-97] INFO  o.e.m.c.i.e.AbstractTransferListenerAdapter - Downloaded https://repo.maven.apache.org/maven2/org/apache/apache/18/apache-18.pom
2017-11-01 17:23:55,925 [Worker-97] INFO  o.e.m.c.i.e.AbstractTransferListenerAdapter - Downloading https://repo.maven.apache.org/maven2/org/apache/httpcomponents/httpmime/4.5.3/httpmime-4.5.3.pom
2017-11-01 17:23:55,993 [Worker-97] INFO  o.e.m.c.i.e.AbstractTransferListenerAdapter - Downloaded https://repo.maven.apache.org/maven2/org/apache/httpcomponents/httpmime/4.5.3/httpmime-4.5.3.pom
2017-11-01 17:23:56,034 [Worker-97] INFO  o.e.m.c.i.e.AbstractTransferListenerAdapter - Downloading https://repo.maven.apache.org/maven2/org/apache/zookeeper/zookeeper/3.4.6/zookeeper-3.4.6.pom
2017-11-01 17:23:56,095 [Worker-97] INFO  o.e.m.c.i.e.AbstractTransferListenerAdapter - Downloaded https://repo.maven.apache.org/maven2/org/apache/zookeeper/zookeeper/3.4.6/zookeeper-3.4.6.pom
2017-11-01 17:23:56,155 [Worker-97] INFO  o.e.m.c.i.e.AbstractTransferListenerAdapter - Downloading https://repo.maven.apache.org/maven2/org/codehaus/woodstox/stax2-api/3.1.4/stax2-api-3.1.4.pom
2017-11-01 17:23:56,240 [Worker-97] INFO  o.e.m.c.i.e.AbstractTransferListenerAdapter - Downloaded https://repo.maven.apache.org/maven2/org/codehaus/woodstox/stax2-api/3.1.4/stax2-api-3.1.4.pom
2017-11-01 17:23:56,297 [Worker-97] INFO  o.e.m.c.i.e.AbstractTransferListenerAdapter - Downloading https://repo.maven.apache.org/maven2/org/codehaus/woodstox/woodstox-core-asl/4.4.1/woodstox-core-asl-4.4.1.pom
2017-11-01 17:23:56,362 [Worker-97] INFO  o.e.m.c.i.e.AbstractTransferListenerAdapter - Downloaded https://repo.maven.apache.org/maven2/org/codehaus/woodstox/woodstox-core-asl/4.4.1/woodstox-core-asl-4.4.1.pom
2017-11-01 17:23:56,407 [Worker-97] INFO  o.e.m.c.i.e.AbstractTransferListenerAdapter - Downloading https://repo.maven.apache.org/maven2/org/noggit/noggit/0.6/noggit-0.6.pom
2017-11-01 17:23:56,444 [Worker-97] INFO  o.e.m.c.i.e.AbstractTransferListenerAdapter - Downloaded https://repo.maven.apache.org/maven2/org/noggit/noggit/0.6/noggit-0.6.pom
2017-11-01 17:23:56,506 [Worker-97] INFO  o.e.m.c.i.e.AbstractTransferListenerAdapter - Downloading https://repo.maven.apache.org/maven2/org/springframework/data/spring-data-solr/2.1.8.RELEASE/spring-data-solr-2.1.8.RELEASE.pom
2017-11-01 17:23:56,547 [Worker-97] INFO  o.e.m.c.i.e.AbstractTransferListenerAdapter - Downloaded https://repo.maven.apache.org/maven2/org/springframework/data/spring-data-solr/2.1.8.RELEASE/spring-data-solr-2.1.8.RELEASE.pom
2017-11-01 17:23:56,591 [Worker-97] INFO  o.e.m.c.i.e.AbstractTransferListenerAdapter - Downloading https://repo.maven.apache.org/maven2/org/springframework/data/build/spring-data-parent/1.9.8.RELEASE/spring-data-parent-1.9.8.RELEASE.pom
2017-11-01 17:23:56,668 [Worker-97] INFO  o.e.m.c.i.e.AbstractTransferListenerAdapter - Downloaded https://repo.maven.apache.org/maven2/org/springframework/data/build/spring-data-parent/1.9.8.RELEASE/spring-data-parent-1.9.8.RELEASE.pom
2017-11-01 17:23:56,707 [Worker-97] INFO  o.e.m.c.i.e.AbstractTransferListenerAdapter - Downloading https://repo.maven.apache.org/maven2/org/springframework/spring-tx/4.3.12.RELEASE/spring-tx-4.3.12.RELEASE.pom
2017-11-01 17:23:56,911 [Worker-97] INFO  o.e.m.c.i.e.AbstractTransferListenerAdapter - Downloaded https://repo.maven.apache.org/maven2/org/springframework/spring-tx/4.3.12.RELEASE/spring-tx-4.3.12.RELEASE.pom
2017-11-01 17:23:56,964 [Worker-97] INFO  o.e.m.c.i.e.AbstractTransferListenerAdapter - Downloading https://repo.maven.apache.org/maven2/org/springframework/data/spring-data-commons/1.13.8.RELEASE/spring-data-commons-1.13.8.RELEASE.pom
2017-11-01 17:23:57,001 [Worker-97] INFO  o.e.m.c.i.e.AbstractTransferListenerAdapter - Downloaded https://repo.maven.apache.org/maven2/org/springframework/data/spring-data-commons/1.13.8.RELEASE/spring-data-commons-1.13.8.RELEASE.pom
2017-11-01 17:23:57,044 [Worker-97] INFO  o.e.m.c.i.e.AbstractTransferListenerAdapter - Downloading https://repo.maven.apache.org/maven2/org/apache/commons/commons-lang3/3.1/commons-lang3-3.1.pom
2017-11-01 17:23:57,118 [Worker-97] INFO  o.e.m.c.i.e.AbstractTransferListenerAdapter - Downloaded https://repo.maven.apache.org/maven2/org/apache/commons/commons-lang3/3.1/commons-lang3-3.1.pom
2017-11-01 17:23:57,162 [Worker-97] INFO  o.e.m.c.i.e.AbstractTransferListenerAdapter - Downloading https://repo.maven.apache.org/maven2/org/apache/commons/commons-parent/22/commons-parent-22.pom
2017-11-01 17:23:57,218 [Worker-97] INFO  o.e.m.c.i.e.AbstractTransferListenerAdapter - Downloaded https://repo.maven.apache.org/maven2/org/apache/commons/commons-parent/22/commons-parent-22.pom
2017-11-01 17:23:57,262 [Worker-97] INFO  o.e.m.c.i.e.AbstractTransferListenerAdapter - Downloading https://repo.maven.apache.org/maven2/commons-codec/commons-codec/1.10/commons-codec-1.10.pom
2017-11-01 17:23:57,333 [Worker-97] INFO  o.e.m.c.i.e.AbstractTransferListenerAdapter - Downloaded https://repo.maven.apache.org/maven2/commons-codec/commons-codec/1.10/commons-codec-1.10.pom
2017-11-01 17:23:57,379 [Worker-97] INFO  o.e.m.c.i.e.AbstractTransferListenerAdapter - Downloading https://repo.maven.apache.org/maven2/org/apache/commons/commons-parent/35/commons-parent-35.pom
2017-11-01 17:23:57,455 [Worker-97] INFO  o.e.m.c.i.e.AbstractTransferListenerAdapter - Downloaded https://repo.maven.apache.org/maven2/org/apache/commons/commons-parent/35/commons-parent-35.pom
2017-11-01 17:23:57,504 [Worker-97] INFO  o.e.m.c.i.e.AbstractTransferListenerAdapter - Downloading https://repo.maven.apache.org/maven2/org/apache/apache/15/apache-15.pom
2017-11-01 17:23:57,547 [Worker-97] INFO  o.e.m.c.i.e.AbstractTransferListenerAdapter - Downloaded https://repo.maven.apache.org/maven2/org/apache/apache/15/apache-15.pom
2017-11-01 17:23:57,624 [Worker-97] INFO  o.e.m.c.i.e.AbstractTransferListenerAdapter - Downloading https://repo.maven.apache.org/maven2/org/springframework/boot/spring-boot-starter-data-solr/1.5.8.RELEASE/spring-boot-starter-data-solr-1.5.8.RELEASE.jar
2017-11-01 17:23:57,666 [Worker-97] INFO  o.e.m.c.i.e.AbstractTransferListenerAdapter - Downloaded https://repo.maven.apache.org/maven2/org/springframework/boot/spring-boot-starter-data-solr/1.5.8.RELEASE/spring-boot-starter-data-solr-1.5.8.RELEASE.jar
2017-11-01 17:23:57,706 [Worker-97] INFO  o.e.m.c.i.e.AbstractTransferListenerAdapter - Downloading https://repo.maven.apache.org/maven2/org/apache/solr/solr-solrj/5.5.4/solr-solrj-5.5.4.jar
2017-11-01 17:23:58,179 [Worker-97] INFO  o.e.m.c.i.e.AbstractTransferListenerAdapter - Downloaded https://repo.maven.apache.org/maven2/org/apache/solr/solr-solrj/5.5.4/solr-solrj-5.5.4.jar
2017-11-01 17:23:58,230 [Worker-97] INFO  o.e.m.c.i.e.AbstractTransferListenerAdapter - Downloading https://repo.maven.apache.org/maven2/commons-io/commons-io/2.4/commons-io-2.4.jar
2017-11-01 17:23:58,320 [Worker-97] INFO  o.e.m.c.i.e.AbstractTransferListenerAdapter - Downloaded https://repo.maven.apache.org/maven2/commons-io/commons-io/2.4/commons-io-2.4.jar
2017-11-01 17:23:58,366 [Worker-97] INFO  o.e.m.c.i.e.AbstractTransferListenerAdapter - Downloading https://repo.maven.apache.org/maven2/org/apache/httpcomponents/httpclient/4.5.3/httpclient-4.5.3.jar
2017-11-01 17:23:58,683 [Worker-97] INFO  o.e.m.c.i.e.AbstractTransferListenerAdapter - Downloaded https://repo.maven.apache.org/maven2/org/apache/httpcomponents/httpclient/4.5.3/httpclient-4.5.3.jar
2017-11-01 17:23:58,724 [Worker-97] INFO  o.e.m.c.i.e.AbstractTransferListenerAdapter - Downloading https://repo.maven.apache.org/maven2/org/apache/httpcomponents/httpcore/4.4.8/httpcore-4.4.8.jar
2017-11-01 17:23:58,865 [Worker-97] INFO  o.e.m.c.i.e.AbstractTransferListenerAdapter - Downloaded https://repo.maven.apache.org/maven2/org/apache/httpcomponents/httpcore/4.4.8/httpcore-4.4.8.jar
2017-11-01 17:23:58,908 [Worker-97] INFO  o.e.m.c.i.e.AbstractTransferListenerAdapter - Downloading https://repo.maven.apache.org/maven2/org/apache/zookeeper/zookeeper/3.4.6/zookeeper-3.4.6.jar
2017-11-01 17:23:59,204 [Worker-97] INFO  o.e.m.c.i.e.AbstractTransferListenerAdapter - Downloaded https://repo.maven.apache.org/maven2/org/apache/zookeeper/zookeeper/3.4.6/zookeeper-3.4.6.jar
2017-11-01 17:23:59,252 [Worker-97] INFO  o.e.m.c.i.e.AbstractTransferListenerAdapter - Downloading https://repo.maven.apache.org/maven2/org/codehaus/woodstox/stax2-api/3.1.4/stax2-api-3.1.4.jar
2017-11-01 17:23:59,332 [Worker-97] INFO  o.e.m.c.i.e.AbstractTransferListenerAdapter - Downloaded https://repo.maven.apache.org/maven2/org/codehaus/woodstox/stax2-api/3.1.4/stax2-api-3.1.4.jar
2017-11-01 17:23:59,377 [Worker-97] INFO  o.e.m.c.i.e.AbstractTransferListenerAdapter - Downloading https://repo.maven.apache.org/maven2/org/codehaus/woodstox/woodstox-core-asl/4.4.1/woodstox-core-asl-4.4.1.jar
2017-11-01 17:23:59,571 [Worker-97] INFO  o.e.m.c.i.e.AbstractTransferListenerAdapter - Downloaded https://repo.maven.apache.org/maven2/org/codehaus/woodstox/woodstox-core-asl/4.4.1/woodstox-core-asl-4.4.1.jar
2017-11-01 17:23:59,614 [Worker-97] INFO  o.e.m.c.i.e.AbstractTransferListenerAdapter - Downloading https://repo.maven.apache.org/maven2/org/noggit/noggit/0.6/noggit-0.6.jar
2017-11-01 17:23:59,654 [Worker-97] INFO  o.e.m.c.i.e.AbstractTransferListenerAdapter - Downloaded https://repo.maven.apache.org/maven2/org/noggit/noggit/0.6/noggit-0.6.jar
2017-11-01 17:23:59,704 [Worker-97] INFO  o.e.m.c.i.e.AbstractTransferListenerAdapter - Downloading https://repo.maven.apache.org/maven2/org/springframework/data/spring-data-solr/2.1.8.RELEASE/spring-data-solr-2.1.8.RELEASE.jar
2017-11-01 17:23:59,890 [Worker-97] INFO  o.e.m.c.i.e.AbstractTransferListenerAdapter - Downloaded https://repo.maven.apache.org/maven2/org/springframework/data/spring-data-solr/2.1.8.RELEASE/spring-data-solr-2.1.8.RELEASE.jar
2017-11-01 17:23:59,933 [Worker-97] INFO  o.e.m.c.i.e.AbstractTransferListenerAdapter - Downloading https://repo.maven.apache.org/maven2/org/springframework/spring-tx/4.3.12.RELEASE/spring-tx-4.3.12.RELEASE.jar
2017-11-01 17:24:00,069 [Worker-97] INFO  o.e.m.c.i.e.AbstractTransferListenerAdapter - Downloaded https://repo.maven.apache.org/maven2/org/springframework/spring-tx/4.3.12.RELEASE/spring-tx-4.3.12.RELEASE.jar
2017-11-01 17:24:00,182 [Worker-97] INFO  o.e.m.c.i.e.AbstractTransferListenerAdapter - Downloading https://repo.maven.apache.org/maven2/org/springframework/data/spring-data-commons/1.13.8.RELEASE/spring-data-commons-1.13.8.RELEASE.jar
2017-11-01 17:24:00,509 [Worker-97] INFO  o.e.m.c.i.e.AbstractTransferListenerAdapter - Downloaded https://repo.maven.apache.org/maven2/org/springframework/data/spring-data-commons/1.13.8.RELEASE/spring-data-commons-1.13.8.RELEASE.jar
2017-11-01 17:24:00,559 [Worker-97] INFO  o.e.m.c.i.e.AbstractTransferListenerAdapter - Downloading https://repo.maven.apache.org/maven2/org/apache/commons/commons-lang3/3.1/commons-lang3-3.1.jar
2017-11-01 17:24:00,707 [Worker-97] INFO  o.e.m.c.i.e.AbstractTransferListenerAdapter - Downloaded https://repo.maven.apache.org/maven2/org/apache/commons/commons-lang3/3.1/commons-lang3-3.1.jar
2017-11-01 17:24:00,750 [Worker-97] INFO  o.e.m.c.i.e.AbstractTransferListenerAdapter - Downloading https://repo.maven.apache.org/maven2/org/apache/httpcomponents/httpmime/4.5.3/httpmime-4.5.3.jar
2017-11-01 17:24:00,806 [Worker-97] INFO  o.e.m.c.i.e.AbstractTransferListenerAdapter - Downloaded https://repo.maven.apache.org/maven2/org/apache/httpcomponents/httpmime/4.5.3/httpmime-4.5.3.jar
2017-11-01 17:24:03,525 [Worker-97] INFO  o.e.m.c.i.embedder.EclipseLogger - Using 'UTF-8' encoding to copy filtered resources.
2017-11-01 17:24:03,527 [Worker-97] INFO  o.e.m.c.i.embedder.EclipseLogger - Copying 0 resource
2017-11-01 17:24:03,527 [Worker-97] INFO  o.e.m.c.i.embedder.EclipseLogger - Copying 0 resource
2017-11-01 17:24:03,529 [Worker-97] INFO  o.e.m.c.i.embedder.EclipseLogger - Using 'UTF-8' encoding to copy filtered resources.
2017-11-01 17:24:03,529 [Worker-97] INFO  o.e.m.c.i.embedder.EclipseLogger - skip non existing resourceDirectory C:\Users\Vaske\Desktop\Online Bank\UserFront\src\test\resources
2017-11-01 17:24:06,378 [Worker-98] INFO  o.e.m.c.i.embedder.EclipseLogger - Using 'UTF-8' encoding to copy filtered resources.
2017-11-01 17:24:06,381 [Worker-98] INFO  o.e.m.c.i.embedder.EclipseLogger - Copying 1 resource
2017-11-01 17:24:06,394 [Worker-98] INFO  o.e.m.c.i.embedder.EclipseLogger - Copying 31 resources
2017-11-01 17:24:06,829 [Worker-98] INFO  o.e.m.c.i.embedder.EclipseLogger - Using 'UTF-8' encoding to copy filtered resources.
2017-11-01 17:24:06,829 [Worker-98] INFO  o.e.m.c.i.embedder.EclipseLogger - skip non existing resourceDirectory C:\Users\Vaske\Desktop\Online Bank\UserFront\src\test\resources
2017-11-01 17:26:14,119 [Worker-94] INFO  o.e.m.c.i.l.LifecycleMappingFactory - Using org.eclipse.m2e.jdt.JarLifecycleMapping lifecycle mapping for MavenProject: com.userFront:userFront:0.0.1-SNAPSHOT @ C:\Users\Vaske\Desktop\Online Bank\UserFront\pom.xml.
2017-11-01 17:26:14,872 [Worker-94] INFO  o.e.m.c.i.e.AbstractTransferListenerAdapter - Downloading https://repo.maven.apache.org/maven2/org/springframework/boot/spring-boot-starter-undertow/1.5.8.RELEASE/spring-boot-starter-undertow-1.5.8.RELEASE.pom
2017-11-01 17:26:15,008 [Worker-94] INFO  o.e.m.c.i.e.AbstractTransferListenerAdapter - Downloaded https://repo.maven.apache.org/maven2/org/springframework/boot/spring-boot-starter-undertow/1.5.8.RELEASE/spring-boot-starter-undertow-1.5.8.RELEASE.pom
2017-11-01 17:26:15,053 [Worker-94] INFO  o.e.m.c.i.e.AbstractTransferListenerAdapter - Downloading https://repo.maven.apache.org/maven2/io/undertow/undertow-core/1.4.20.Final/undertow-core-1.4.20.Final.pom
2017-11-01 17:26:15,195 [Worker-94] INFO  o.e.m.c.i.e.AbstractTransferListenerAdapter - Downloaded https://repo.maven.apache.org/maven2/io/undertow/undertow-core/1.4.20.Final/undertow-core-1.4.20.Final.pom
2017-11-01 17:26:15,272 [Worker-94] INFO  o.e.m.c.i.e.AbstractTransferListenerAdapter - Downloading https://repo.maven.apache.org/maven2/io/undertow/undertow-parent/1.4.20.Final/undertow-parent-1.4.20.Final.pom
2017-11-01 17:26:15,559 [Worker-94] INFO  o.e.m.c.i.e.AbstractTransferListenerAdapter - Downloaded https://repo.maven.apache.org/maven2/io/undertow/undertow-parent/1.4.20.Final/undertow-parent-1.4.20.Final.pom
2017-11-01 17:26:15,724 [Worker-94] INFO  o.e.m.c.i.e.AbstractTransferListenerAdapter - Downloading https://repo.maven.apache.org/maven2/org/jboss/jboss-parent/23/jboss-parent-23.pom
2017-11-01 17:26:15,805 [Worker-94] INFO  o.e.m.c.i.e.AbstractTransferListenerAdapter - Downloaded https://repo.maven.apache.org/maven2/org/jboss/jboss-parent/23/jboss-parent-23.pom
2017-11-01 17:26:15,853 [Worker-94] INFO  o.e.m.c.i.e.AbstractTransferListenerAdapter - Downloading https://repo.maven.apache.org/maven2/org/jboss/xnio/xnio-api/3.3.8.Final/xnio-api-3.3.8.Final.pom
2017-11-01 17:26:15,891 [Worker-94] INFO  o.e.m.c.i.e.AbstractTransferListenerAdapter - Downloaded https://repo.maven.apache.org/maven2/org/jboss/xnio/xnio-api/3.3.8.Final/xnio-api-3.3.8.Final.pom
2017-11-01 17:26:15,939 [Worker-94] INFO  o.e.m.c.i.e.AbstractTransferListenerAdapter - Downloading https://repo.maven.apache.org/maven2/org/jboss/xnio/xnio-all/3.3.8.Final/xnio-all-3.3.8.Final.pom
2017-11-01 17:26:16,003 [Worker-94] INFO  o.e.m.c.i.e.AbstractTransferListenerAdapter - Downloaded https://repo.maven.apache.org/maven2/org/jboss/xnio/xnio-all/3.3.8.Final/xnio-all-3.3.8.Final.pom
2017-11-01 17:26:16,044 [Worker-94] INFO  o.e.m.c.i.e.AbstractTransferListenerAdapter - Downloading https://repo.maven.apache.org/maven2/org/jboss/jboss-parent/20/jboss-parent-20.pom
2017-11-01 17:26:16,096 [Worker-94] INFO  o.e.m.c.i.e.AbstractTransferListenerAdapter - Downloaded https://repo.maven.apache.org/maven2/org/jboss/jboss-parent/20/jboss-parent-20.pom
2017-11-01 17:26:16,151 [Worker-94] INFO  o.e.m.c.i.e.AbstractTransferListenerAdapter - Downloading https://repo.maven.apache.org/maven2/org/jboss/xnio/xnio-nio/3.3.8.Final/xnio-nio-3.3.8.Final.pom
2017-11-01 17:26:16,199 [Worker-94] INFO  o.e.m.c.i.e.AbstractTransferListenerAdapter - Downloaded https://repo.maven.apache.org/maven2/org/jboss/xnio/xnio-nio/3.3.8.Final/xnio-nio-3.3.8.Final.pom
2017-11-01 17:26:16,242 [Worker-94] INFO  o.e.m.c.i.e.AbstractTransferListenerAdapter - Downloading https://repo.maven.apache.org/maven2/io/undertow/undertow-servlet/1.4.20.Final/undertow-servlet-1.4.20.Final.pom
2017-11-01 17:26:16,266 [main] INFO  o.e.m.c.i.e.AbstractTransferListenerAdapter - Downloading https://repo.maven.apache.org/maven2/org/jboss/jboss-parent/20/jboss-parent-20.pom
2017-11-01 17:26:16,287 [Worker-94] INFO  o.e.m.c.i.e.AbstractTransferListenerAdapter - Downloaded https://repo.maven.apache.org/maven2/io/undertow/undertow-servlet/1.4.20.Final/undertow-servlet-1.4.20.Final.pom
2017-11-01 17:26:16,341 [Worker-94] INFO  o.e.m.c.i.e.AbstractTransferListenerAdapter - Downloading https://repo.maven.apache.org/maven2/org/jboss/spec/javax/annotation/jboss-annotations-api_1.2_spec/1.0.0.Final/jboss-annotations-api_1.2_spec-1.0.0.Final.pom
2017-11-01 17:26:16,353 [main] INFO  o.e.m.c.i.e.AbstractTransferListenerAdapter - Downloaded https://repo.maven.apache.org/maven2/org/jboss/jboss-parent/20/jboss-parent-20.pom
2017-11-01 17:26:16,380 [Worker-94] INFO  o.e.m.c.i.e.AbstractTransferListenerAdapter - Downloaded https://repo.maven.apache.org/maven2/org/jboss/spec/javax/annotation/jboss-annotations-api_1.2_spec/1.0.0.Final/jboss-annotations-api_1.2_spec-1.0.0.Final.pom
2017-11-01 17:26:16,423 [Worker-94] INFO  o.e.m.c.i.e.AbstractTransferListenerAdapter - Downloading https://repo.maven.apache.org/maven2/org/jboss/jboss-parent/10/jboss-parent-10.pom
2017-11-01 17:26:16,439 [main] INFO  o.e.m.c.i.e.AbstractTransferListenerAdapter - Downloading https://repo.maven.apache.org/maven2/org/jboss/spec/javax/annotation/jboss-annotations-api_1.2_spec/1.0.0.Final/jboss-annotations-api_1.2_spec-1.0.0.Final.pom
2017-11-01 17:26:16,546 [Worker-94] INFO  o.e.m.c.i.e.AbstractTransferListenerAdapter - Downloaded https://repo.maven.apache.org/maven2/org/jboss/jboss-parent/10/jboss-parent-10.pom
2017-11-01 17:26:16,769 [main] INFO  o.e.m.c.i.e.AbstractTransferListenerAdapter - Downloaded https://repo.maven.apache.org/maven2/org/jboss/spec/javax/annotation/jboss-annotations-api_1.2_spec/1.0.0.Final/jboss-annotations-api_1.2_spec-1.0.0.Final.pom
2017-11-01 17:26:17,022 [Worker-94] INFO  o.e.m.c.i.e.AbstractTransferListenerAdapter - Downloading https://repo.maven.apache.org/maven2/io/undertow/undertow-websockets-jsr/1.4.20.Final/undertow-websockets-jsr-1.4.20.Final.pom
2017-11-01 17:26:17,024 [main] INFO  o.e.m.c.i.e.AbstractTransferListenerAdapter - Downloading https://repo.maven.apache.org/maven2/io/undertow/undertow-websockets-jsr/1.4.20.Final/undertow-websockets-jsr-1.4.20.Final.pom
2017-11-01 17:26:17,122 [Worker-94] INFO  o.e.m.c.i.e.AbstractTransferListenerAdapter - Downloaded https://repo.maven.apache.org/maven2/io/undertow/undertow-websockets-jsr/1.4.20.Final/undertow-websockets-jsr-1.4.20.Final.pom
2017-11-01 17:26:17,124 [main] INFO  o.e.m.c.i.e.AbstractTransferListenerAdapter - Downloaded https://repo.maven.apache.org/maven2/io/undertow/undertow-websockets-jsr/1.4.20.Final/undertow-websockets-jsr-1.4.20.Final.pom
2017-11-01 17:26:17,164 [main] INFO  o.e.m.c.i.e.AbstractTransferListenerAdapter - Downloading https://repo.maven.apache.org/maven2/org/jboss/spec/javax/servlet/jboss-servlet-api_3.1_spec/1.0.0.Final/jboss-servlet-api_3.1_spec-1.0.0.Final.pom
2017-11-01 17:26:17,164 [Worker-94] INFO  o.e.m.c.i.e.AbstractTransferListenerAdapter - Downloading https://repo.maven.apache.org/maven2/org/jboss/spec/javax/servlet/jboss-servlet-api_3.1_spec/1.0.0.Final/jboss-servlet-api_3.1_spec-1.0.0.Final.pom
2017-11-01 17:26:17,202 [main] INFO  o.e.m.c.i.e.AbstractTransferListenerAdapter - Downloaded https://repo.maven.apache.org/maven2/org/jboss/spec/javax/servlet/jboss-servlet-api_3.1_spec/1.0.0.Final/jboss-servlet-api_3.1_spec-1.0.0.Final.pom
2017-11-01 17:26:17,204 [Worker-94] INFO  o.e.m.c.i.e.AbstractTransferListenerAdapter - Downloaded https://repo.maven.apache.org/maven2/org/jboss/spec/javax/servlet/jboss-servlet-api_3.1_spec/1.0.0.Final/jboss-servlet-api_3.1_spec-1.0.0.Final.pom
2017-11-01 17:26:17,245 [main] INFO  o.e.m.c.i.e.AbstractTransferListenerAdapter - Downloading https://repo.maven.apache.org/maven2/org/jboss/spec/javax/websocket/jboss-websocket-api_1.1_spec/1.1.0.Final/jboss-websocket-api_1.1_spec-1.1.0.Final.pom
2017-11-01 17:26:17,245 [Worker-94] INFO  o.e.m.c.i.e.AbstractTransferListenerAdapter - Downloading https://repo.maven.apache.org/maven2/org/jboss/spec/javax/websocket/jboss-websocket-api_1.1_spec/1.1.0.Final/jboss-websocket-api_1.1_spec-1.1.0.Final.pom
2017-11-01 17:26:17,294 [Worker-94] INFO  o.e.m.c.i.e.AbstractTransferListenerAdapter - Downloaded https://repo.maven.apache.org/maven2/org/jboss/spec/javax/websocket/jboss-websocket-api_1.1_spec/1.1.0.Final/jboss-websocket-api_1.1_spec-1.1.0.Final.pom
2017-11-01 17:26:17,298 [main] INFO  o.e.m.c.i.e.AbstractTransferListenerAdapter - Downloaded https://repo.maven.apache.org/maven2/org/jboss/spec/javax/websocket/jboss-websocket-api_1.1_spec/1.1.0.Final/jboss-websocket-api_1.1_spec-1.1.0.Final.pom
2017-11-01 17:26:17,340 [Worker-94] INFO  o.e.m.c.i.e.AbstractTransferListenerAdapter - Downloading https://repo.maven.apache.org/maven2/javax/servlet/javax.servlet-api/3.1.0/javax.servlet-api-3.1.0.pom
2017-11-01 17:26:17,344 [main] INFO  o.e.m.c.i.e.AbstractTransferListenerAdapter - Downloading https://repo.maven.apache.org/maven2/javax/servlet/javax.servlet-api/3.1.0/javax.servlet-api-3.1.0.pom
2017-11-01 17:26:17,380 [Worker-94] INFO  o.e.m.c.i.e.AbstractTransferListenerAdapter - Downloaded https://repo.maven.apache.org/maven2/javax/servlet/javax.servlet-api/3.1.0/javax.servlet-api-3.1.0.pom
2017-11-01 17:26:17,389 [main] INFO  o.e.m.c.i.e.AbstractTransferListenerAdapter - Downloaded https://repo.maven.apache.org/maven2/javax/servlet/javax.servlet-api/3.1.0/javax.servlet-api-3.1.0.pom
2017-11-01 17:26:17,424 [Worker-94] INFO  o.e.m.c.i.e.AbstractTransferListenerAdapter - Downloading https://repo.maven.apache.org/maven2/net/java/jvnet-parent/3/jvnet-parent-3.pom
2017-11-01 17:26:17,435 [main] INFO  o.e.m.c.i.e.AbstractTransferListenerAdapter - Downloading https://repo.maven.apache.org/maven2/net/java/jvnet-parent/3/jvnet-parent-3.pom
2017-11-01 17:26:17,468 [Worker-94] INFO  o.e.m.c.i.e.AbstractTransferListenerAdapter - Downloaded https://repo.maven.apache.org/maven2/net/java/jvnet-parent/3/jvnet-parent-3.pom
2017-11-01 17:26:17,476 [main] INFO  o.e.m.c.i.e.AbstractTransferListenerAdapter - Downloaded https://repo.maven.apache.org/maven2/net/java/jvnet-parent/3/jvnet-parent-3.pom
2017-11-01 17:26:17,514 [Worker-94] INFO  o.e.m.c.i.e.AbstractTransferListenerAdapter - Downloading https://repo.maven.apache.org/maven2/org/glassfish/javax.el/3.0.0/javax.el-3.0.0.pom
2017-11-01 17:26:17,523 [main] INFO  o.e.m.c.i.e.AbstractTransferListenerAdapter - Downloading https://repo.maven.apache.org/maven2/org/glassfish/javax.el/3.0.0/javax.el-3.0.0.pom
2017-11-01 17:26:17,559 [Worker-94] INFO  o.e.m.c.i.e.AbstractTransferListenerAdapter - Downloaded https://repo.maven.apache.org/maven2/org/glassfish/javax.el/3.0.0/javax.el-3.0.0.pom
2017-11-01 17:26:17,571 [main] INFO  o.e.m.c.i.e.AbstractTransferListenerAdapter - Downloaded https://repo.maven.apache.org/maven2/org/glassfish/javax.el/3.0.0/javax.el-3.0.0.pom
2017-11-01 17:26:17,621 [Worker-94] INFO  o.e.m.c.i.e.AbstractTransferListenerAdapter - Downloading https://repo.maven.apache.org/maven2/org/springframework/boot/spring-boot-starter-undertow/1.5.8.RELEASE/spring-boot-starter-undertow-1.5.8.RELEASE.jar
2017-11-01 17:26:17,634 [main] INFO  o.e.m.c.i.e.AbstractTransferListenerAdapter - Downloading https://repo.maven.apache.org/maven2/org/springframework/boot/spring-boot-starter-undertow/1.5.8.RELEASE/spring-boot-starter-undertow-1.5.8.RELEASE.jar
2017-11-01 17:26:17,666 [Worker-94] INFO  o.e.m.c.i.e.AbstractTransferListenerAdapter - Downloaded https://repo.maven.apache.org/maven2/org/springframework/boot/spring-boot-starter-undertow/1.5.8.RELEASE/spring-boot-starter-undertow-1.5.8.RELEASE.jar
2017-11-01 17:26:17,674 [main] INFO  o.e.m.c.i.e.AbstractTransferListenerAdapter - Downloaded https://repo.maven.apache.org/maven2/org/springframework/boot/spring-boot-starter-undertow/1.5.8.RELEASE/spring-boot-starter-undertow-1.5.8.RELEASE.jar
2017-11-01 17:26:17,738 [Worker-94] INFO  o.e.m.c.i.e.AbstractTransferListenerAdapter - Downloading https://repo.maven.apache.org/maven2/io/undertow/undertow-core/1.4.20.Final/undertow-core-1.4.20.Final.jar
2017-11-01 17:26:17,738 [main] INFO  o.e.m.c.i.e.AbstractTransferListenerAdapter - Downloading https://repo.maven.apache.org/maven2/io/undertow/undertow-core/1.4.20.Final/undertow-core-1.4.20.Final.jar
2017-11-01 17:26:19,197 [main] INFO  o.e.m.c.i.e.AbstractTransferListenerAdapter - Downloaded https://repo.maven.apache.org/maven2/io/undertow/undertow-core/1.4.20.Final/undertow-core-1.4.20.Final.jar
2017-11-01 17:26:19,211 [Worker-94] INFO  o.e.m.c.i.e.AbstractTransferListenerAdapter - Downloaded https://repo.maven.apache.org/maven2/io/undertow/undertow-core/1.4.20.Final/undertow-core-1.4.20.Final.jar
2017-11-01 17:26:19,235 [main] INFO  o.e.m.c.i.e.AbstractTransferListenerAdapter - Downloading https://repo.maven.apache.org/maven2/org/jboss/xnio/xnio-api/3.3.8.Final/xnio-api-3.3.8.Final.jar
2017-11-01 17:26:19,258 [Worker-94] INFO  o.e.m.c.i.e.AbstractTransferListenerAdapter - Downloading https://repo.maven.apache.org/maven2/org/jboss/xnio/xnio-api/3.3.8.Final/xnio-api-3.3.8.Final.jar
2017-11-01 17:26:19,605 [main] INFO  o.e.m.c.i.e.AbstractTransferListenerAdapter - Downloaded https://repo.maven.apache.org/maven2/org/jboss/xnio/xnio-api/3.3.8.Final/xnio-api-3.3.8.Final.jar
2017-11-01 17:26:19,618 [Worker-94] INFO  o.e.m.c.i.e.AbstractTransferListenerAdapter - Downloaded https://repo.maven.apache.org/maven2/org/jboss/xnio/xnio-api/3.3.8.Final/xnio-api-3.3.8.Final.jar
2017-11-01 17:26:19,652 [main] INFO  o.e.m.c.i.e.AbstractTransferListenerAdapter - Downloading https://repo.maven.apache.org/maven2/org/jboss/xnio/xnio-nio/3.3.8.Final/xnio-nio-3.3.8.Final.jar
2017-11-01 17:26:19,675 [Worker-94] INFO  o.e.m.c.i.e.AbstractTransferListenerAdapter - Downloading https://repo.maven.apache.org/maven2/org/jboss/xnio/xnio-nio/3.3.8.Final/xnio-nio-3.3.8.Final.jar
2017-11-01 17:26:19,754 [main] INFO  o.e.m.c.i.e.AbstractTransferListenerAdapter - Downloaded https://repo.maven.apache.org/maven2/org/jboss/xnio/xnio-nio/3.3.8.Final/xnio-nio-3.3.8.Final.jar
2017-11-01 17:26:19,777 [Worker-94] INFO  o.e.m.c.i.e.AbstractTransferListenerAdapter - Downloaded https://repo.maven.apache.org/maven2/org/jboss/xnio/xnio-nio/3.3.8.Final/xnio-nio-3.3.8.Final.jar
2017-11-01 17:26:19,803 [main] INFO  o.e.m.c.i.e.AbstractTransferListenerAdapter - Downloading https://repo.maven.apache.org/maven2/io/undertow/undertow-servlet/1.4.20.Final/undertow-servlet-1.4.20.Final.jar
2017-11-01 17:26:19,841 [Worker-94] INFO  o.e.m.c.i.e.AbstractTransferListenerAdapter - Downloading https://repo.maven.apache.org/maven2/io/undertow/undertow-servlet/1.4.20.Final/undertow-servlet-1.4.20.Final.jar
2017-11-01 17:26:20,140 [main] INFO  o.e.m.c.i.e.AbstractTransferListenerAdapter - Downloaded https://repo.maven.apache.org/maven2/io/undertow/undertow-servlet/1.4.20.Final/undertow-servlet-1.4.20.Final.jar
2017-11-01 17:26:20,177 [Worker-94] INFO  o.e.m.c.i.e.AbstractTransferListenerAdapter - Downloaded https://repo.maven.apache.org/maven2/io/undertow/undertow-servlet/1.4.20.Final/undertow-servlet-1.4.20.Final.jar
2017-11-01 17:26:20,184 [main] INFO  o.e.m.c.i.e.AbstractTransferListenerAdapter - Downloading https://repo.maven.apache.org/maven2/org/jboss/spec/javax/annotation/jboss-annotations-api_1.2_spec/1.0.0.Final/jboss-annotations-api_1.2_spec-1.0.0.Final.jar
2017-11-01 17:26:20,219 [Worker-94] INFO  o.e.m.c.i.e.AbstractTransferListenerAdapter - Downloading https://repo.maven.apache.org/maven2/org/jboss/spec/javax/annotation/jboss-annotations-api_1.2_spec/1.0.0.Final/jboss-annotations-api_1.2_spec-1.0.0.Final.jar
2017-11-01 17:26:20,221 [main] INFO  o.e.m.c.i.e.AbstractTransferListenerAdapter - Downloaded https://repo.maven.apache.org/maven2/org/jboss/spec/javax/annotation/jboss-annotations-api_1.2_spec/1.0.0.Final/jboss-annotations-api_1.2_spec-1.0.0.Final.jar
2017-11-01 17:26:20,269 [main] INFO  o.e.m.c.i.e.AbstractTransferListenerAdapter - Downloading https://repo.maven.apache.org/maven2/io/undertow/undertow-websockets-jsr/1.4.20.Final/undertow-websockets-jsr-1.4.20.Final.jar
2017-11-01 17:26:20,299 [Worker-94] INFO  o.e.m.c.i.e.AbstractTransferListenerAdapter - Downloaded https://repo.maven.apache.org/maven2/org/jboss/spec/javax/annotation/jboss-annotations-api_1.2_spec/1.0.0.Final/jboss-annotations-api_1.2_spec-1.0.0.Final.jar
2017-11-01 17:26:20,336 [Worker-94] INFO  o.e.m.c.i.e.AbstractTransferListenerAdapter - Downloading https://repo.maven.apache.org/maven2/io/undertow/undertow-websockets-jsr/1.4.20.Final/undertow-websockets-jsr-1.4.20.Final.jar
2017-11-01 17:26:20,361 [main] INFO  o.e.m.c.i.e.AbstractTransferListenerAdapter - Downloaded https://repo.maven.apache.org/maven2/io/undertow/undertow-websockets-jsr/1.4.20.Final/undertow-websockets-jsr-1.4.20.Final.jar
2017-11-01 17:26:20,401 [main] INFO  o.e.m.c.i.e.AbstractTransferListenerAdapter - Downloading https://repo.maven.apache.org/maven2/org/jboss/spec/javax/websocket/jboss-websocket-api_1.1_spec/1.1.0.Final/jboss-websocket-api_1.1_spec-1.1.0.Final.jar
2017-11-01 17:26:20,414 [Worker-94] INFO  o.e.m.c.i.e.AbstractTransferListenerAdapter - Downloaded https://repo.maven.apache.org/maven2/io/undertow/undertow-websockets-jsr/1.4.20.Final/undertow-websockets-jsr-1.4.20.Final.jar
2017-11-01 17:26:20,450 [main] INFO  o.e.m.c.i.e.AbstractTransferListenerAdapter - Downloaded https://repo.maven.apache.org/maven2/org/jboss/spec/javax/websocket/jboss-websocket-api_1.1_spec/1.1.0.Final/jboss-websocket-api_1.1_spec-1.1.0.Final.jar
2017-11-01 17:26:20,525 [main] INFO  o.e.m.c.i.e.AbstractTransferListenerAdapter - Downloading https://repo.maven.apache.org/maven2/javax/servlet/javax.servlet-api/3.1.0/javax.servlet-api-3.1.0.jar
2017-11-01 17:26:20,528 [Worker-94] INFO  o.e.m.c.i.e.AbstractTransferListenerAdapter - Downloading https://repo.maven.apache.org/maven2/org/jboss/spec/javax/websocket/jboss-websocket-api_1.1_spec/1.1.0.Final/jboss-websocket-api_1.1_spec-1.1.0.Final.jar
2017-11-01 17:26:20,575 [main] INFO  o.e.m.c.i.e.AbstractTransferListenerAdapter - Downloaded https://repo.maven.apache.org/maven2/javax/servlet/javax.servlet-api/3.1.0/javax.servlet-api-3.1.0.jar
2017-11-01 17:26:20,577 [Worker-94] INFO  o.e.m.c.i.e.AbstractTransferListenerAdapter - Downloaded https://repo.maven.apache.org/maven2/org/jboss/spec/javax/websocket/jboss-websocket-api_1.1_spec/1.1.0.Final/jboss-websocket-api_1.1_spec-1.1.0.Final.jar
2017-11-01 17:26:20,617 [main] INFO  o.e.m.c.i.e.AbstractTransferListenerAdapter - Downloading https://repo.maven.apache.org/maven2/org/glassfish/javax.el/3.0.0/javax.el-3.0.0.jar
2017-11-01 17:26:20,638 [Worker-94] INFO  o.e.m.c.i.e.AbstractTransferListenerAdapter - Downloading https://repo.maven.apache.org/maven2/javax/servlet/javax.servlet-api/3.1.0/javax.servlet-api-3.1.0.jar
2017-11-01 17:26:20,739 [Worker-94] INFO  o.e.m.c.i.e.AbstractTransferListenerAdapter - Downloaded https://repo.maven.apache.org/maven2/javax/servlet/javax.servlet-api/3.1.0/javax.servlet-api-3.1.0.jar
2017-11-01 17:26:20,757 [main] INFO  o.e.m.c.i.e.AbstractTransferListenerAdapter - Downloaded https://repo.maven.apache.org/maven2/org/glassfish/javax.el/3.0.0/javax.el-3.0.0.jar
2017-11-01 17:26:20,822 [Worker-94] INFO  o.e.m.c.i.e.AbstractTransferListenerAdapter - Downloading https://repo.maven.apache.org/maven2/org/glassfish/javax.el/3.0.0/javax.el-3.0.0.jar
2017-11-01 17:26:20,932 [Worker-94] INFO  o.e.m.c.i.e.AbstractTransferListenerAdapter - Downloaded https://repo.maven.apache.org/maven2/org/glassfish/javax.el/3.0.0/javax.el-3.0.0.jar
2017-11-01 17:26:23,283 [Worker-94] INFO  o.e.m.c.i.embedder.EclipseLogger - Using 'UTF-8' encoding to copy filtered resources.
2017-11-01 17:26:23,284 [Worker-94] INFO  o.e.m.c.i.embedder.EclipseLogger - Copying 0 resource
2017-11-01 17:26:23,284 [Worker-94] INFO  o.e.m.c.i.embedder.EclipseLogger - Copying 0 resource
2017-11-01 17:26:23,286 [Worker-94] INFO  o.e.m.c.i.embedder.EclipseLogger - Using 'UTF-8' encoding to copy filtered resources.
2017-11-01 17:26:23,286 [Worker-94] INFO  o.e.m.c.i.embedder.EclipseLogger - skip non existing resourceDirectory C:\Users\Vaske\Desktop\Online Bank\UserFront\src\test\resources
2017-11-01 17:26:25,832 [Worker-94] INFO  o.e.m.c.i.embedder.EclipseLogger - Using 'UTF-8' encoding to copy filtered resources.
2017-11-01 17:26:25,834 [Worker-94] INFO  o.e.m.c.i.embedder.EclipseLogger - Copying 1 resource
2017-11-01 17:26:25,850 [Worker-94] INFO  o.e.m.c.i.embedder.EclipseLogger - Copying 31 resources
2017-11-01 17:26:25,904 [Worker-94] INFO  o.e.m.c.i.embedder.EclipseLogger - Using 'UTF-8' encoding to copy filtered resources.
2017-11-01 17:26:25,904 [Worker-94] INFO  o.e.m.c.i.embedder.EclipseLogger - skip non existing resourceDirectory C:\Users\Vaske\Desktop\Online Bank\UserFront\src\test\resources
2017-11-01 17:27:22,978 [Worker-98] INFO  o.e.m.c.i.embedder.EclipseLogger - Using 'UTF-8' encoding to copy filtered resources.
2017-11-01 17:27:22,980 [Worker-98] INFO  o.e.m.c.i.embedder.EclipseLogger - Copying 1 resource
2017-11-01 17:27:22,983 [Worker-98] INFO  o.e.m.c.i.embedder.EclipseLogger - Copying 31 resources
2017-11-01 17:27:22,987 [Worker-98] INFO  o.e.m.c.i.embedder.EclipseLogger - Using 'UTF-8' encoding to copy filtered resources.
2017-11-01 17:27:22,987 [Worker-98] INFO  o.e.m.c.i.embedder.EclipseLogger - skip non existing resourceDirectory C:\Users\Vaske\Desktop\Online Bank\UserFront\src\test\resources
2017-11-01 17:27:44,651 [Worker-94] INFO  o.e.m.c.i.embedder.EclipseLogger - Using 'UTF-8' encoding to copy filtered resources.
2017-11-01 17:27:44,652 [Worker-94] INFO  o.e.m.c.i.embedder.EclipseLogger - Copying 1 resource
2017-11-01 17:27:44,654 [Worker-94] INFO  o.e.m.c.i.embedder.EclipseLogger - Copying 31 resources
2017-11-01 17:27:44,658 [Worker-94] INFO  o.e.m.c.i.embedder.EclipseLogger - Using 'UTF-8' encoding to copy filtered resources.
2017-11-01 17:27:44,658 [Worker-94] INFO  o.e.m.c.i.embedder.EclipseLogger - skip non existing resourceDirectory C:\Users\Vaske\Desktop\Online Bank\UserFront\src\test\resources
2017-11-01 17:27:59,592 [Worker-99] INFO  o.e.m.c.i.embedder.EclipseLogger - Using 'UTF-8' encoding to copy filtered resources.
2017-11-01 17:27:59,594 [Worker-99] INFO  o.e.m.c.i.embedder.EclipseLogger - Copying 1 resource
2017-11-01 17:27:59,597 [Worker-99] INFO  o.e.m.c.i.embedder.EclipseLogger - Copying 31 resources
2017-11-01 17:27:59,600 [Worker-99] INFO  o.e.m.c.i.embedder.EclipseLogger - Using 'UTF-8' encoding to copy filtered resources.
2017-11-01 17:27:59,600 [Worker-99] INFO  o.e.m.c.i.embedder.EclipseLogger - skip non existing resourceDirectory C:\Users\Vaske\Desktop\Online Bank\UserFront\src\test\resources
2017-11-01 17:28:15,444 [Worker-98] INFO  o.e.m.c.i.embedder.EclipseLogger - Using 'UTF-8' encoding to copy filtered resources.
2017-11-01 17:28:15,446 [Worker-98] INFO  o.e.m.c.i.embedder.EclipseLogger - Copying 1 resource
2017-11-01 17:28:15,449 [Worker-98] INFO  o.e.m.c.i.embedder.EclipseLogger - Copying 31 resources
2017-11-01 17:28:15,453 [Worker-98] INFO  o.e.m.c.i.embedder.EclipseLogger - Using 'UTF-8' encoding to copy filtered resources.
2017-11-01 17:28:15,453 [Worker-98] INFO  o.e.m.c.i.embedder.EclipseLogger - skip non existing resourceDirectory C:\Users\Vaske\Desktop\Online Bank\UserFront\src\test\resources
2017-11-01 17:28:21,683 [Worker-94] INFO  o.e.m.c.i.embedder.EclipseLogger - Using 'UTF-8' encoding to copy filtered resources.
2017-11-01 17:28:21,685 [Worker-94] INFO  o.e.m.c.i.embedder.EclipseLogger - Copying 1 resource
2017-11-01 17:28:21,687 [Worker-94] INFO  o.e.m.c.i.embedder.EclipseLogger - Copying 31 resources
2017-11-01 17:28:21,689 [Worker-94] INFO  o.e.m.c.i.embedder.EclipseLogger - Using 'UTF-8' encoding to copy filtered resources.
2017-11-01 17:28:21,689 [Worker-94] INFO  o.e.m.c.i.embedder.EclipseLogger - skip non existing resourceDirectory C:\Users\Vaske\Desktop\Online Bank\UserFront\src\test\resources
2017-11-01 17:28:33,186 [Worker-97] INFO  o.e.m.c.i.embedder.EclipseLogger - Using 'UTF-8' encoding to copy filtered resources.
2017-11-01 17:28:33,189 [Worker-97] INFO  o.e.m.c.i.embedder.EclipseLogger - Copying 1 resource
2017-11-01 17:28:33,191 [Worker-97] INFO  o.e.m.c.i.embedder.EclipseLogger - Copying 31 resources
2017-11-01 17:28:33,195 [Worker-97] INFO  o.e.m.c.i.embedder.EclipseLogger - Using 'UTF-8' encoding to copy filtered resources.
2017-11-01 17:28:33,195 [Worker-97] INFO  o.e.m.c.i.embedder.EclipseLogger - skip non existing resourceDirectory C:\Users\Vaske\Desktop\Online Bank\UserFront\src\test\resources
2017-11-01 17:55:44,757 [Worker-103] INFO  o.e.m.c.i.embedder.EclipseLogger - Using 'UTF-8' encoding to copy filtered resources.
2017-11-01 17:55:44,759 [Worker-103] INFO  o.e.m.c.i.embedder.EclipseLogger - Copying 1 resource
2017-11-01 17:55:44,762 [Worker-103] INFO  o.e.m.c.i.embedder.EclipseLogger - Copying 31 resources
2017-11-01 17:55:44,767 [Worker-103] INFO  o.e.m.c.i.embedder.EclipseLogger - Using 'UTF-8' encoding to copy filtered resources.
2017-11-01 17:55:44,767 [Worker-103] INFO  o.e.m.c.i.embedder.EclipseLogger - skip non existing resourceDirectory C:\Users\Vaske\Desktop\Online Bank\UserFront\src\test\resources
2017-11-01 17:55:57,570 [Worker-105] INFO  o.e.m.c.i.embedder.EclipseLogger - Using 'UTF-8' encoding to copy filtered resources.
2017-11-01 17:55:57,572 [Worker-105] INFO  o.e.m.c.i.embedder.EclipseLogger - Copying 1 resource
2017-11-01 17:55:57,574 [Worker-105] INFO  o.e.m.c.i.embedder.EclipseLogger - Copying 31 resources
2017-11-01 17:55:57,578 [Worker-105] INFO  o.e.m.c.i.embedder.EclipseLogger - Using 'UTF-8' encoding to copy filtered resources.
2017-11-01 17:55:57,578 [Worker-105] INFO  o.e.m.c.i.embedder.EclipseLogger - skip non existing resourceDirectory C:\Users\Vaske\Desktop\Online Bank\UserFront\src\test\resources
2017-11-01 17:57:05,910 [Worker-104] INFO  o.e.m.c.i.embedder.EclipseLogger - Using 'UTF-8' encoding to copy filtered resources.
2017-11-01 17:57:05,912 [Worker-104] INFO  o.e.m.c.i.embedder.EclipseLogger - Copying 1 resource
2017-11-01 17:57:05,913 [Worker-104] INFO  o.e.m.c.i.embedder.EclipseLogger - Copying 31 resources
2017-11-01 17:57:05,915 [Worker-104] INFO  o.e.m.c.i.embedder.EclipseLogger - Using 'UTF-8' encoding to copy filtered resources.
2017-11-01 17:57:05,915 [Worker-104] INFO  o.e.m.c.i.embedder.EclipseLogger - skip non existing resourceDirectory C:\Users\Vaske\Desktop\Online Bank\UserFront\src\test\resources
2017-11-01 17:57:58,886 [Worker-103] INFO  o.e.m.c.i.embedder.EclipseLogger - Using 'UTF-8' encoding to copy filtered resources.
2017-11-01 17:57:58,887 [Worker-103] INFO  o.e.m.c.i.embedder.EclipseLogger - Copying 1 resource
2017-11-01 17:57:58,889 [Worker-103] INFO  o.e.m.c.i.embedder.EclipseLogger - Copying 31 resources
2017-11-01 17:57:58,891 [Worker-103] INFO  o.e.m.c.i.embedder.EclipseLogger - Using 'UTF-8' encoding to copy filtered resources.
2017-11-01 17:57:58,891 [Worker-103] INFO  o.e.m.c.i.embedder.EclipseLogger - skip non existing resourceDirectory C:\Users\Vaske\Desktop\Online Bank\UserFront\src\test\resources
2017-11-01 18:02:05,355 [Worker-111] INFO  o.e.m.c.i.embedder.EclipseLogger - Using 'UTF-8' encoding to copy filtered resources.
2017-11-01 18:02:05,359 [Worker-111] INFO  o.e.m.c.i.embedder.EclipseLogger - Copying 1 resource
2017-11-01 18:02:05,361 [Worker-111] INFO  o.e.m.c.i.embedder.EclipseLogger - Copying 31 resources
2017-11-01 18:02:05,369 [Worker-111] INFO  o.e.m.c.i.embedder.EclipseLogger - Using 'UTF-8' encoding to copy filtered resources.
2017-11-01 18:02:05,369 [Worker-111] INFO  o.e.m.c.i.embedder.EclipseLogger - skip non existing resourceDirectory C:\Users\Vaske\Desktop\Online Bank\UserFront\src\test\resources
2017-11-01 18:02:13,164 [Worker-106] INFO  o.e.m.c.i.embedder.EclipseLogger - Using 'UTF-8' encoding to copy filtered resources.
2017-11-01 18:02:13,166 [Worker-106] INFO  o.e.m.c.i.embedder.EclipseLogger - Copying 1 resource
2017-11-01 18:02:13,167 [Worker-106] INFO  o.e.m.c.i.embedder.EclipseLogger - Copying 31 resources
2017-11-01 18:02:13,170 [Worker-106] INFO  o.e.m.c.i.embedder.EclipseLogger - Using 'UTF-8' encoding to copy filtered resources.
2017-11-01 18:02:13,171 [Worker-106] INFO  o.e.m.c.i.embedder.EclipseLogger - skip non existing resourceDirectory C:\Users\Vaske\Desktop\Online Bank\UserFront\src\test\resources
2017-11-01 18:02:27,029 [Worker-111] INFO  o.e.m.c.i.embedder.EclipseLogger - Using 'UTF-8' encoding to copy filtered resources.
2017-11-01 18:02:27,029 [Worker-111] INFO  o.e.m.c.i.embedder.EclipseLogger - Copying 0 resource
2017-11-01 18:02:27,029 [Worker-111] INFO  o.e.m.c.i.embedder.EclipseLogger - Copying 1 resource
